2022-03-13 09:53:44.631  INFO 2456 --- [main] com.api.sportyShoes.SportyShoes          : Starting SportyShoes on LAPTOP-5TFVLITU with PID 2456 (C:\Users\Aditya\sporty_shoes-master\target\classes started by Aditya in C:\Users\Aditya\sporty_shoes-master)
2022-03-13 09:53:44.707  INFO 2456 --- [main] com.api.sportyShoes.SportyShoes          : No active profile set, falling back to default profiles: default
2022-03-13 09:53:49.581  INFO 2456 --- [main] .s.d.r.c.RepositoryConfigurationDelegate : Bootstrapping Spring Data JPA repositories in DEFAULT mode.
2022-03-13 09:53:49.744  INFO 2456 --- [main] .s.d.r.c.RepositoryConfigurationDelegate : Finished Spring Data repository scanning in 141ms. Found 2 JPA repository interfaces.
2022-03-13 09:53:52.400  INFO 2456 --- [main] o.s.b.w.embedded.tomcat.TomcatWebServer  : Tomcat initialized with port(s): 8086 (http)
2022-03-13 09:53:52.436  INFO 2456 --- [main] o.apache.catalina.core.StandardService   : Starting service [Tomcat]
2022-03-13 09:53:52.436  INFO 2456 --- [main] org.apache.catalina.core.StandardEngine  : Starting Servlet engine: [Apache Tomcat/9.0.38]
2022-03-13 09:53:53.686  INFO 2456 --- [main] o.a.c.c.C.[Tomcat].[localhost].[/]       : Initializing Spring embedded WebApplicationContext
2022-03-13 09:53:53.688  INFO 2456 --- [main] w.s.c.ServletWebServerApplicationContext : Root WebApplicationContext: initialization completed in 8585 ms
2022-03-13 09:53:53.802  INFO 2456 --- [main] com.zaxxer.hikari.HikariDataSource       : HikariPool-1 - Starting...
2022-03-13 09:53:54.350  INFO 2456 --- [main] com.zaxxer.hikari.HikariDataSource       : HikariPool-1 - Start completed.
2022-03-13 09:53:54.364  INFO 2456 --- [main] o.s.b.a.h2.H2ConsoleAutoConfiguration    : H2 console available at '/h2'. Database available at 'jdbc:h2:mem:testdb'
2022-03-13 09:53:55.246  INFO 2456 --- [main] o.hibernate.jpa.internal.util.LogHelper  : HHH000204: Processing PersistenceUnitInfo [name: default]
2022-03-13 09:53:55.425  INFO 2456 --- [main] org.hibernate.Version                    : HHH000412: Hibernate ORM core version 5.4.21.Final
2022-03-13 09:53:55.971  INFO 2456 --- [main] o.hibernate.annotations.common.Version   : HCANN000001: Hibernate Commons Annotations {5.1.0.Final}
2022-03-13 09:53:56.386  INFO 2456 --- [main] org.hibernate.dialect.Dialect            : HHH000400: Using dialect: org.hibernate.dialect.H2Dialect
2022-03-13 09:53:57.950  INFO 2456 --- [main] o.h.e.t.j.p.i.JtaPlatformInitiator       : HHH000490: Using JtaPlatform implementation: [org.hibernate.engine.transaction.jta.platform.internal.NoJtaPlatform]
2022-03-13 09:53:58.000  INFO 2456 --- [main] j.LocalContainerEntityManagerFactoryBean : Initialized JPA EntityManagerFactory for persistence unit 'default'
2022-03-13 09:53:58.155  WARN 2456 --- [main] JpaBaseConfiguration$JpaWebConfiguration : spring.jpa.open-in-view is enabled by default. Therefore, database queries may be performed during view rendering. Explicitly configure spring.jpa.open-in-view to disable this warning
2022-03-13 09:54:00.512  INFO 2456 --- [main] o.s.s.web.DefaultSecurityFilterChain     : Creating filter chain: any request, [org.springframework.security.web.context.request.async.WebAsyncManagerIntegrationFilter@69d7bc1a, org.springframework.security.web.context.SecurityContextPersistenceFilter@3a48c398, org.springframework.security.web.header.HeaderWriterFilter@fb5d334, org.springframework.security.web.authentication.logout.LogoutFilter@299eca90, org.springframework.security.web.authentication.www.BasicAuthenticationFilter@3ea9a091, org.springframework.security.web.savedrequest.RequestCacheAwareFilter@4407b042, org.springframework.security.web.servletapi.SecurityContextHolderAwareRequestFilter@5aac6f9f, org.springframework.security.web.authentication.AnonymousAuthenticationFilter@cb318ac, org.springframework.security.web.session.SessionManagementFilter@6da646b8, org.springframework.security.web.access.ExceptionTranslationFilter@42dd7d82, org.springframework.security.web.access.intercept.FilterSecurityInterceptor@1b317e7d]
2022-03-13 09:54:00.565  INFO 2456 --- [main] pertySourcedRequestMappingHandlerMapping : Mapped URL path [/v2/api-docs] onto method [springfox.documentation.swagger2.web.Swagger2Controller#getDocumentation(String, HttpServletRequest)]
2022-03-13 09:54:01.752  INFO 2456 --- [main] o.s.s.concurrent.ThreadPoolTaskExecutor  : Initializing ExecutorService 'applicationTaskExecutor'
2022-03-13 09:54:02.026  INFO 2456 --- [main] d.s.w.p.DocumentationPluginsBootstrapper : Context refreshed
2022-03-13 09:54:02.065  INFO 2456 --- [main] d.s.w.p.DocumentationPluginsBootstrapper : Found 1 custom documentation plugin(s)
2022-03-13 09:54:02.172  INFO 2456 --- [main] s.d.s.w.s.ApiListingReferenceScanner     : Scanning for api listing references
2022-03-13 09:54:02.864  INFO 2456 --- [main] o.s.b.w.embedded.tomcat.TomcatWebServer  : Tomcat started on port(s): 8086 (http) with context path ''
2022-03-13 09:54:02.867  INFO 2456 --- [main] com.api.sportyShoes.SportyShoes          : Started SportyShoes in 19.323 seconds (JVM running for 30.831)
2022-03-13 09:57:16.771  INFO 2456 --- [http-nio-8086-exec-1] o.a.c.c.C.[Tomcat].[localhost].[/]       : Initializing Spring DispatcherServlet 'dispatcherServlet'
2022-03-13 09:57:16.772  INFO 2456 --- [http-nio-8086-exec-1] o.s.web.servlet.DispatcherServlet        : Initializing Servlet 'dispatcherServlet'
2022-03-13 09:57:16.789  INFO 2456 --- [http-nio-8086-exec-1] o.s.web.servlet.DispatcherServlet        : Completed initialization in 16 ms
2022-03-13 10:05:00.130  INFO 2348 --- [main] com.api.sportyShoes.SportyShoes          : Starting SportyShoes on LAPTOP-5TFVLITU with PID 2348 (C:\Users\Aditya\sporty_shoes-master\target\classes started by Aditya in C:\Users\Aditya\sporty_shoes-master)
2022-03-13 10:05:00.137  INFO 2348 --- [main] com.api.sportyShoes.SportyShoes          : No active profile set, falling back to default profiles: default
2022-03-13 10:05:02.210  INFO 2348 --- [main] .s.d.r.c.RepositoryConfigurationDelegate : Bootstrapping Spring Data JPA repositories in DEFAULT mode.
2022-03-13 10:05:02.357  INFO 2348 --- [main] .s.d.r.c.RepositoryConfigurationDelegate : Finished Spring Data repository scanning in 129ms. Found 2 JPA repository interfaces.
2022-03-13 10:05:03.865  INFO 2348 --- [main] o.s.b.w.embedded.tomcat.TomcatWebServer  : Tomcat initialized with port(s): 8086 (http)
2022-03-13 10:05:03.882  INFO 2348 --- [main] o.apache.catalina.core.StandardService   : Starting service [Tomcat]
2022-03-13 10:05:03.883  INFO 2348 --- [main] org.apache.catalina.core.StandardEngine  : Starting Servlet engine: [Apache Tomcat/9.0.38]
2022-03-13 10:05:04.080  INFO 2348 --- [main] o.a.c.c.C.[Tomcat].[localhost].[/]       : Initializing Spring embedded WebApplicationContext
2022-03-13 10:05:04.081  INFO 2348 --- [main] w.s.c.ServletWebServerApplicationContext : Root WebApplicationContext: initialization completed in 3813 ms
2022-03-13 10:05:04.178  INFO 2348 --- [main] com.zaxxer.hikari.HikariDataSource       : HikariPool-1 - Starting...
2022-03-13 10:05:04.695  INFO 2348 --- [main] com.zaxxer.hikari.HikariDataSource       : HikariPool-1 - Start completed.
2022-03-13 10:05:04.709  INFO 2348 --- [main] o.s.b.a.h2.H2ConsoleAutoConfiguration    : H2 console available at '/h2'. Database available at 'jdbc:h2:mem:testdb'
2022-03-13 10:05:05.080  INFO 2348 --- [main] o.hibernate.jpa.internal.util.LogHelper  : HHH000204: Processing PersistenceUnitInfo [name: default]
2022-03-13 10:05:05.741  INFO 2348 --- [main] org.hibernate.Version                    : HHH000412: Hibernate ORM core version 5.4.21.Final
2022-03-13 10:05:05.990  INFO 2348 --- [main] o.hibernate.annotations.common.Version   : HCANN000001: Hibernate Commons Annotations {5.1.0.Final}
2022-03-13 10:05:06.234  INFO 2348 --- [main] org.hibernate.dialect.Dialect            : HHH000400: Using dialect: org.hibernate.dialect.H2Dialect
2022-03-13 10:05:07.387  INFO 2348 --- [main] o.h.e.t.j.p.i.JtaPlatformInitiator       : HHH000490: Using JtaPlatform implementation: [org.hibernate.engine.transaction.jta.platform.internal.NoJtaPlatform]
2022-03-13 10:05:07.399  INFO 2348 --- [main] j.LocalContainerEntityManagerFactoryBean : Initialized JPA EntityManagerFactory for persistence unit 'default'
2022-03-13 10:05:07.497  WARN 2348 --- [main] JpaBaseConfiguration$JpaWebConfiguration : spring.jpa.open-in-view is enabled by default. Therefore, database queries may be performed during view rendering. Explicitly configure spring.jpa.open-in-view to disable this warning
2022-03-13 10:05:09.829  INFO 2348 --- [main] o.s.s.web.DefaultSecurityFilterChain     : Creating filter chain: any request, [org.springframework.security.web.context.request.async.WebAsyncManagerIntegrationFilter@acd3460, org.springframework.security.web.context.SecurityContextPersistenceFilter@6ceb11f9, org.springframework.security.web.header.HeaderWriterFilter@4ed19b69, org.springframework.security.web.authentication.logout.LogoutFilter@2e1291a4, org.springframework.security.web.authentication.www.BasicAuthenticationFilter@54687fd0, org.springframework.security.web.savedrequest.RequestCacheAwareFilter@27ec0d06, org.springframework.security.web.servletapi.SecurityContextHolderAwareRequestFilter@4407b042, org.springframework.security.web.authentication.AnonymousAuthenticationFilter@3ea9a091, org.springframework.security.web.session.SessionManagementFilter@45dc7be, org.springframework.security.web.access.ExceptionTranslationFilter@1d556461, org.springframework.security.web.access.intercept.FilterSecurityInterceptor@7bbd76b8]
2022-03-13 10:05:10.203  INFO 2348 --- [main] pertySourcedRequestMappingHandlerMapping : Mapped URL path [/v2/api-docs] onto method [springfox.documentation.swagger2.web.Swagger2Controller#getDocumentation(String, HttpServletRequest)]
2022-03-13 10:05:10.620  INFO 2348 --- [main] o.s.s.concurrent.ThreadPoolTaskExecutor  : Initializing ExecutorService 'applicationTaskExecutor'
2022-03-13 10:05:11.001  INFO 2348 --- [main] d.s.w.p.DocumentationPluginsBootstrapper : Context refreshed
2022-03-13 10:05:11.047  INFO 2348 --- [main] d.s.w.p.DocumentationPluginsBootstrapper : Found 1 custom documentation plugin(s)
2022-03-13 10:05:11.232  INFO 2348 --- [main] s.d.s.w.s.ApiListingReferenceScanner     : Scanning for api listing references
2022-03-13 10:05:11.751  INFO 2348 --- [main] o.s.b.w.embedded.tomcat.TomcatWebServer  : Tomcat started on port(s): 8086 (http) with context path ''
2022-03-13 10:05:11.754  INFO 2348 --- [main] com.api.sportyShoes.SportyShoes          : Started SportyShoes in 12.42 seconds (JVM running for 13.4)
2022-03-13 10:05:18.721  INFO 2348 --- [http-nio-8086-exec-1] o.a.c.c.C.[Tomcat].[localhost].[/]       : Initializing Spring DispatcherServlet 'dispatcherServlet'
2022-03-13 10:05:18.722  INFO 2348 --- [http-nio-8086-exec-1] o.s.web.servlet.DispatcherServlet        : Initializing Servlet 'dispatcherServlet'
2022-03-13 10:05:18.739  INFO 2348 --- [http-nio-8086-exec-1] o.s.web.servlet.DispatcherServlet        : Completed initialization in 17 ms
2022-03-13 10:13:56.743  INFO 1532 --- [main] com.api.sportyShoes.SportyShoes          : Starting SportyShoes on LAPTOP-5TFVLITU with PID 1532 (C:\Users\Aditya\sporty_shoes-master\target\classes started by Aditya in C:\Users\Aditya\sporty_shoes-master)
2022-03-13 10:13:56.752  INFO 1532 --- [main] com.api.sportyShoes.SportyShoes          : No active profile set, falling back to default profiles: default
2022-03-13 10:13:59.275  INFO 1532 --- [main] .s.d.r.c.RepositoryConfigurationDelegate : Bootstrapping Spring Data JPA repositories in DEFAULT mode.
2022-03-13 10:13:59.469  INFO 1532 --- [main] .s.d.r.c.RepositoryConfigurationDelegate : Finished Spring Data repository scanning in 167ms. Found 2 JPA repository interfaces.
2022-03-13 10:14:01.124  INFO 1532 --- [main] o.s.b.w.embedded.tomcat.TomcatWebServer  : Tomcat initialized with port(s): 8086 (http)
2022-03-13 10:14:01.143  INFO 1532 --- [main] o.apache.catalina.core.StandardService   : Starting service [Tomcat]
2022-03-13 10:14:01.144  INFO 1532 --- [main] org.apache.catalina.core.StandardEngine  : Starting Servlet engine: [Apache Tomcat/9.0.38]
2022-03-13 10:14:01.349  INFO 1532 --- [main] o.a.c.c.C.[Tomcat].[localhost].[/]       : Initializing Spring embedded WebApplicationContext
2022-03-13 10:14:01.349  INFO 1532 --- [main] w.s.c.ServletWebServerApplicationContext : Root WebApplicationContext: initialization completed in 4444 ms
2022-03-13 10:14:01.506  INFO 1532 --- [main] com.zaxxer.hikari.HikariDataSource       : HikariPool-1 - Starting...
2022-03-13 10:14:02.024  INFO 1532 --- [main] com.zaxxer.hikari.HikariDataSource       : HikariPool-1 - Start completed.
2022-03-13 10:14:02.042  INFO 1532 --- [main] o.s.b.a.h2.H2ConsoleAutoConfiguration    : H2 console available at '/h2'. Database available at 'jdbc:h2:mem:testdb'
2022-03-13 10:14:02.484  INFO 1532 --- [main] o.hibernate.jpa.internal.util.LogHelper  : HHH000204: Processing PersistenceUnitInfo [name: default]
2022-03-13 10:14:02.599  INFO 1532 --- [main] org.hibernate.Version                    : HHH000412: Hibernate ORM core version 5.4.21.Final
2022-03-13 10:14:02.927  INFO 1532 --- [main] o.hibernate.annotations.common.Version   : HCANN000001: Hibernate Commons Annotations {5.1.0.Final}
2022-03-13 10:14:03.196  INFO 1532 --- [main] org.hibernate.dialect.Dialect            : HHH000400: Using dialect: org.hibernate.dialect.H2Dialect
2022-03-13 10:14:04.550  INFO 1532 --- [main] o.h.e.t.j.p.i.JtaPlatformInitiator       : HHH000490: Using JtaPlatform implementation: [org.hibernate.engine.transaction.jta.platform.internal.NoJtaPlatform]
2022-03-13 10:14:04.595  INFO 1532 --- [main] j.LocalContainerEntityManagerFactoryBean : Initialized JPA EntityManagerFactory for persistence unit 'default'
2022-03-13 10:14:04.735  WARN 1532 --- [main] JpaBaseConfiguration$JpaWebConfiguration : spring.jpa.open-in-view is enabled by default. Therefore, database queries may be performed during view rendering. Explicitly configure spring.jpa.open-in-view to disable this warning
2022-03-13 10:14:07.936  INFO 1532 --- [main] o.s.s.web.DefaultSecurityFilterChain     : Creating filter chain: any request, [org.springframework.security.web.context.request.async.WebAsyncManagerIntegrationFilter@295d54d6, org.springframework.security.web.context.SecurityContextPersistenceFilter@5a583720, org.springframework.security.web.header.HeaderWriterFilter@45eacb70, org.springframework.security.web.authentication.logout.LogoutFilter@2444c3df, org.springframework.security.web.authentication.www.BasicAuthenticationFilter@ce19c86, org.springframework.security.web.savedrequest.RequestCacheAwareFilter@59a5bb61, org.springframework.security.web.servletapi.SecurityContextHolderAwareRequestFilter@45dc7be, org.springframework.security.web.authentication.AnonymousAuthenticationFilter@398f0516, org.springframework.security.web.session.SessionManagementFilter@b339a08, org.springframework.security.web.access.ExceptionTranslationFilter@407f2029, org.springframework.security.web.access.intercept.FilterSecurityInterceptor@1a66be41]
2022-03-13 10:14:08.009  INFO 1532 --- [main] pertySourcedRequestMappingHandlerMapping : Mapped URL path [/v2/api-docs] onto method [springfox.documentation.swagger2.web.Swagger2Controller#getDocumentation(String, HttpServletRequest)]
2022-03-13 10:14:08.462  INFO 1532 --- [main] o.s.s.concurrent.ThreadPoolTaskExecutor  : Initializing ExecutorService 'applicationTaskExecutor'
2022-03-13 10:14:08.793  INFO 1532 --- [main] d.s.w.p.DocumentationPluginsBootstrapper : Context refreshed
2022-03-13 10:14:08.840  INFO 1532 --- [main] d.s.w.p.DocumentationPluginsBootstrapper : Found 1 custom documentation plugin(s)
2022-03-13 10:14:08.996  INFO 1532 --- [main] s.d.s.w.s.ApiListingReferenceScanner     : Scanning for api listing references
2022-03-13 10:14:09.616  INFO 1532 --- [main] o.s.b.w.embedded.tomcat.TomcatWebServer  : Tomcat started on port(s): 8086 (http) with context path ''
2022-03-13 10:14:09.620  INFO 1532 --- [main] com.api.sportyShoes.SportyShoes          : Started SportyShoes in 13.759 seconds (JVM running for 14.693)
2022-03-13 10:15:21.118  INFO 1532 --- [http-nio-8086-exec-7] o.a.c.c.C.[Tomcat].[localhost].[/]       : Initializing Spring DispatcherServlet 'dispatcherServlet'
2022-03-13 10:15:21.119  INFO 1532 --- [http-nio-8086-exec-7] o.s.web.servlet.DispatcherServlet        : Initializing Servlet 'dispatcherServlet'
2022-03-13 10:15:21.150  INFO 1532 --- [http-nio-8086-exec-7] o.s.web.servlet.DispatcherServlet        : Completed initialization in 31 ms
2022-03-13 10:15:21.187  WARN 1532 --- [http-nio-8086-exec-7] .w.s.m.s.DefaultHandlerExceptionResolver : Resolved [org.springframework.web.HttpRequestMethodNotSupportedException: Request method 'GET' not supported]
2022-03-13 10:16:23.766  INFO 9844 --- [main] com.api.sportyShoes.SportyShoes          : Starting SportyShoes on LAPTOP-5TFVLITU with PID 9844 (C:\Users\Aditya\sporty_shoes-master\target\classes started by Aditya in C:\Users\Aditya\sporty_shoes-master)
2022-03-13 10:16:23.777  INFO 9844 --- [main] com.api.sportyShoes.SportyShoes          : No active profile set, falling back to default profiles: default
2022-03-13 10:16:26.441  INFO 9844 --- [main] .s.d.r.c.RepositoryConfigurationDelegate : Bootstrapping Spring Data JPA repositories in DEFAULT mode.
2022-03-13 10:16:26.641  INFO 9844 --- [main] .s.d.r.c.RepositoryConfigurationDelegate : Finished Spring Data repository scanning in 172ms. Found 2 JPA repository interfaces.
2022-03-13 10:16:28.664  INFO 9844 --- [main] o.s.b.w.embedded.tomcat.TomcatWebServer  : Tomcat initialized with port(s): 8086 (http)
2022-03-13 10:16:28.684  INFO 9844 --- [main] o.apache.catalina.core.StandardService   : Starting service [Tomcat]
2022-03-13 10:16:28.684  INFO 9844 --- [main] org.apache.catalina.core.StandardEngine  : Starting Servlet engine: [Apache Tomcat/9.0.38]
2022-03-13 10:16:28.942  INFO 9844 --- [main] o.a.c.c.C.[Tomcat].[localhost].[/]       : Initializing Spring embedded WebApplicationContext
2022-03-13 10:16:28.944  INFO 9844 --- [main] w.s.c.ServletWebServerApplicationContext : Root WebApplicationContext: initialization completed in 4987 ms
2022-03-13 10:16:29.069  INFO 9844 --- [main] com.zaxxer.hikari.HikariDataSource       : HikariPool-1 - Starting...
2022-03-13 10:16:29.696  INFO 9844 --- [main] com.zaxxer.hikari.HikariDataSource       : HikariPool-1 - Start completed.
2022-03-13 10:16:29.719  INFO 9844 --- [main] o.s.b.a.h2.H2ConsoleAutoConfiguration    : H2 console available at '/h2'. Database available at 'jdbc:h2:mem:testdb'
2022-03-13 10:16:30.346  INFO 9844 --- [main] o.hibernate.jpa.internal.util.LogHelper  : HHH000204: Processing PersistenceUnitInfo [name: default]
2022-03-13 10:16:30.524  INFO 9844 --- [main] org.hibernate.Version                    : HHH000412: Hibernate ORM core version 5.4.21.Final
2022-03-13 10:16:30.835  INFO 9844 --- [main] o.hibernate.annotations.common.Version   : HCANN000001: Hibernate Commons Annotations {5.1.0.Final}
2022-03-13 10:16:31.194  INFO 9844 --- [main] org.hibernate.dialect.Dialect            : HHH000400: Using dialect: org.hibernate.dialect.H2Dialect
2022-03-13 10:16:32.836  INFO 9844 --- [main] o.h.e.t.j.p.i.JtaPlatformInitiator       : HHH000490: Using JtaPlatform implementation: [org.hibernate.engine.transaction.jta.platform.internal.NoJtaPlatform]
2022-03-13 10:16:32.852  INFO 9844 --- [main] j.LocalContainerEntityManagerFactoryBean : Initialized JPA EntityManagerFactory for persistence unit 'default'
2022-03-13 10:16:32.994  WARN 9844 --- [main] JpaBaseConfiguration$JpaWebConfiguration : spring.jpa.open-in-view is enabled by default. Therefore, database queries may be performed during view rendering. Explicitly configure spring.jpa.open-in-view to disable this warning
2022-03-13 10:16:36.235  INFO 9844 --- [main] o.s.s.web.DefaultSecurityFilterChain     : Creating filter chain: any request, [org.springframework.security.web.context.request.async.WebAsyncManagerIntegrationFilter@3da55998, org.springframework.security.web.context.SecurityContextPersistenceFilter@64cec4d0, org.springframework.security.web.header.HeaderWriterFilter@23eb6d13, org.springframework.security.web.authentication.logout.LogoutFilter@5ee95d42, org.springframework.security.web.authentication.www.BasicAuthenticationFilter@590336ed, org.springframework.security.web.savedrequest.RequestCacheAwareFilter@45e9db77, org.springframework.security.web.servletapi.SecurityContextHolderAwareRequestFilter@29088be1, org.springframework.security.web.authentication.AnonymousAuthenticationFilter@40ebb56, org.springframework.security.web.session.SessionManagementFilter@f348e10, org.springframework.security.web.access.ExceptionTranslationFilter@4af50246, org.springframework.security.web.access.intercept.FilterSecurityInterceptor@67730dab]
2022-03-13 10:16:36.304  INFO 9844 --- [main] pertySourcedRequestMappingHandlerMapping : Mapped URL path [/v2/api-docs] onto method [springfox.documentation.swagger2.web.Swagger2Controller#getDocumentation(String, HttpServletRequest)]
2022-03-13 10:16:36.666  INFO 9844 --- [main] o.s.s.concurrent.ThreadPoolTaskExecutor  : Initializing ExecutorService 'applicationTaskExecutor'
2022-03-13 10:16:37.132  INFO 9844 --- [main] d.s.w.p.DocumentationPluginsBootstrapper : Context refreshed
2022-03-13 10:16:37.226  INFO 9844 --- [main] d.s.w.p.DocumentationPluginsBootstrapper : Found 1 custom documentation plugin(s)
2022-03-13 10:16:37.439  INFO 9844 --- [main] s.d.s.w.s.ApiListingReferenceScanner     : Scanning for api listing references
2022-03-13 10:16:38.132  INFO 9844 --- [main] o.s.b.w.embedded.tomcat.TomcatWebServer  : Tomcat started on port(s): 8086 (http) with context path ''
2022-03-13 10:16:38.151  INFO 9844 --- [main] com.api.sportyShoes.SportyShoes          : Started SportyShoes in 15.564 seconds (JVM running for 18.432)
2022-03-13 10:16:45.152  INFO 9844 --- [http-nio-8086-exec-2] o.a.c.c.C.[Tomcat].[localhost].[/]       : Initializing Spring DispatcherServlet 'dispatcherServlet'
2022-03-13 10:16:45.152  INFO 9844 --- [http-nio-8086-exec-2] o.s.web.servlet.DispatcherServlet        : Initializing Servlet 'dispatcherServlet'
2022-03-13 10:16:45.188  INFO 9844 --- [http-nio-8086-exec-2] o.s.web.servlet.DispatcherServlet        : Completed initialization in 35 ms
2022-03-13 10:16:55.550  INFO 10172 --- [main] com.api.sportyShoes.SportyShoes          : Starting SportyShoes on LAPTOP-5TFVLITU with PID 10172 (C:\Users\Aditya\sporty_shoes-master\target\classes started by Aditya in C:\Users\Aditya\sporty_shoes-master)
2022-03-13 10:16:55.564  INFO 10172 --- [main] com.api.sportyShoes.SportyShoes          : No active profile set, falling back to default profiles: default
2022-03-13 10:16:58.235  INFO 10172 --- [main] .s.d.r.c.RepositoryConfigurationDelegate : Bootstrapping Spring Data JPA repositories in DEFAULT mode.
2022-03-13 10:16:58.444  INFO 10172 --- [main] .s.d.r.c.RepositoryConfigurationDelegate : Finished Spring Data repository scanning in 184ms. Found 2 JPA repository interfaces.
2022-03-13 10:17:00.409  INFO 10172 --- [main] o.s.b.w.embedded.tomcat.TomcatWebServer  : Tomcat initialized with port(s): 8086 (http)
2022-03-13 10:17:00.430  INFO 10172 --- [main] o.apache.catalina.core.StandardService   : Starting service [Tomcat]
2022-03-13 10:17:00.431  INFO 10172 --- [main] org.apache.catalina.core.StandardEngine  : Starting Servlet engine: [Apache Tomcat/9.0.38]
2022-03-13 10:17:00.686  INFO 10172 --- [main] o.a.c.c.C.[Tomcat].[localhost].[/]       : Initializing Spring embedded WebApplicationContext
2022-03-13 10:17:00.687  INFO 10172 --- [main] w.s.c.ServletWebServerApplicationContext : Root WebApplicationContext: initialization completed in 4956 ms
2022-03-13 10:17:00.873  INFO 10172 --- [main] com.zaxxer.hikari.HikariDataSource       : HikariPool-1 - Starting...
2022-03-13 10:17:01.445  INFO 10172 --- [main] com.zaxxer.hikari.HikariDataSource       : HikariPool-1 - Start completed.
2022-03-13 10:17:01.464  INFO 10172 --- [main] o.s.b.a.h2.H2ConsoleAutoConfiguration    : H2 console available at '/h2'. Database available at 'jdbc:h2:mem:testdb'
2022-03-13 10:17:01.879  INFO 10172 --- [main] o.hibernate.jpa.internal.util.LogHelper  : HHH000204: Processing PersistenceUnitInfo [name: default]
2022-03-13 10:17:02.017  INFO 10172 --- [main] org.hibernate.Version                    : HHH000412: Hibernate ORM core version 5.4.21.Final
2022-03-13 10:17:02.398  INFO 10172 --- [main] o.hibernate.annotations.common.Version   : HCANN000001: Hibernate Commons Annotations {5.1.0.Final}
2022-03-13 10:17:02.792  INFO 10172 --- [main] org.hibernate.dialect.Dialect            : HHH000400: Using dialect: org.hibernate.dialect.H2Dialect
2022-03-13 10:17:04.409  INFO 10172 --- [main] o.h.e.t.j.p.i.JtaPlatformInitiator       : HHH000490: Using JtaPlatform implementation: [org.hibernate.engine.transaction.jta.platform.internal.NoJtaPlatform]
2022-03-13 10:17:04.427  INFO 10172 --- [main] j.LocalContainerEntityManagerFactoryBean : Initialized JPA EntityManagerFactory for persistence unit 'default'
2022-03-13 10:17:04.595  WARN 10172 --- [main] JpaBaseConfiguration$JpaWebConfiguration : spring.jpa.open-in-view is enabled by default. Therefore, database queries may be performed during view rendering. Explicitly configure spring.jpa.open-in-view to disable this warning
2022-03-13 10:17:07.899  INFO 10172 --- [main] o.s.s.web.DefaultSecurityFilterChain     : Creating filter chain: any request, [org.springframework.security.web.context.request.async.WebAsyncManagerIntegrationFilter@215f8d7, org.springframework.security.web.context.SecurityContextPersistenceFilter@7ca0b05e, org.springframework.security.web.header.HeaderWriterFilter@36c1b6ff, org.springframework.security.web.authentication.logout.LogoutFilter@577f81a0, org.springframework.security.web.authentication.www.BasicAuthenticationFilter@1372696b, org.springframework.security.web.savedrequest.RequestCacheAwareFilter@61c0fb12, org.springframework.security.web.servletapi.SecurityContextHolderAwareRequestFilter@36ec4071, org.springframework.security.web.authentication.AnonymousAuthenticationFilter@69d2c460, org.springframework.security.web.session.SessionManagementFilter@8aafd70, org.springframework.security.web.access.ExceptionTranslationFilter@11678469, org.springframework.security.web.access.intercept.FilterSecurityInterceptor@1be3a294]
2022-03-13 10:17:07.956  INFO 10172 --- [main] pertySourcedRequestMappingHandlerMapping : Mapped URL path [/v2/api-docs] onto method [springfox.documentation.swagger2.web.Swagger2Controller#getDocumentation(String, HttpServletRequest)]
2022-03-13 10:17:08.263  INFO 10172 --- [main] o.s.s.concurrent.ThreadPoolTaskExecutor  : Initializing ExecutorService 'applicationTaskExecutor'
2022-03-13 10:17:08.577  INFO 10172 --- [main] d.s.w.p.DocumentationPluginsBootstrapper : Context refreshed
2022-03-13 10:17:08.622  INFO 10172 --- [main] d.s.w.p.DocumentationPluginsBootstrapper : Found 1 custom documentation plugin(s)
2022-03-13 10:17:08.803  INFO 10172 --- [main] s.d.s.w.s.ApiListingReferenceScanner     : Scanning for api listing references
2022-03-13 10:17:09.492  INFO 10172 --- [main] o.apache.catalina.core.StandardService   : Stopping service [Tomcat]
2022-03-13 10:17:09.542  WARN 10172 --- [main] o.a.c.loader.WebappClassLoaderBase       : The web application [ROOT] appears to have started a thread named [HikariPool-1 housekeeper] but has failed to stop it. This is very likely to create a memory leak. Stack trace of thread:
 sun.misc.Unsafe.park(Native Method)
 java.util.concurrent.locks.LockSupport.parkNanos(LockSupport.java:215)
 java.util.concurrent.locks.AbstractQueuedSynchronizer$ConditionObject.awaitNanos(AbstractQueuedSynchronizer.java:2078)
 java.util.concurrent.ScheduledThreadPoolExecutor$DelayedWorkQueue.take(ScheduledThreadPoolExecutor.java:1093)
 java.util.concurrent.ScheduledThreadPoolExecutor$DelayedWorkQueue.take(ScheduledThreadPoolExecutor.java:809)
 java.util.concurrent.ThreadPoolExecutor.getTask(ThreadPoolExecutor.java:1074)
 java.util.concurrent.ThreadPoolExecutor.runWorker(ThreadPoolExecutor.java:1134)
 java.util.concurrent.ThreadPoolExecutor$Worker.run(ThreadPoolExecutor.java:624)
 java.lang.Thread.run(Thread.java:748)
2022-03-13 10:17:09.562  INFO 10172 --- [main] ConditionEvaluationReportLoggingListener : 

Error starting ApplicationContext. To display the conditions report re-run your application with 'debug' enabled.
2022-03-13 10:17:09.569 ERROR 10172 --- [main] o.s.b.d.LoggingFailureAnalysisReporter   : 

***************************
APPLICATION FAILED TO START
***************************

Description:

Web server failed to start. Port 8086 was already in use.

Action:

Identify and stop the process that's listening on port 8086 or configure this application to listen on another port.

2022-03-13 10:17:09.576  INFO 10172 --- [main] o.s.s.concurrent.ThreadPoolTaskExecutor  : Shutting down ExecutorService 'applicationTaskExecutor'
2022-03-13 10:17:09.584  INFO 10172 --- [main] j.LocalContainerEntityManagerFactoryBean : Closing JPA EntityManagerFactory for persistence unit 'default'
2022-03-13 10:17:09.585  INFO 10172 --- [main] .SchemaDropperImpl$DelayedDropActionImpl : HHH000477: Starting delayed evictData of schema as part of SessionFactory shut-down'
2022-03-13 10:17:09.607  INFO 10172 --- [main] com.zaxxer.hikari.HikariDataSource       : HikariPool-1 - Shutdown initiated...
2022-03-13 10:17:09.620  INFO 10172 --- [main] com.zaxxer.hikari.HikariDataSource       : HikariPool-1 - Shutdown completed.
2022-03-13 10:18:52.810  INFO 3056 --- [main] com.api.sportyShoes.SportyShoes          : Starting SportyShoes on LAPTOP-5TFVLITU with PID 3056 (C:\Users\Aditya\sporty_shoes-master\target\classes started by Aditya in C:\Users\Aditya\sporty_shoes-master)
2022-03-13 10:18:52.825  INFO 3056 --- [main] com.api.sportyShoes.SportyShoes          : No active profile set, falling back to default profiles: default
2022-03-13 10:18:55.843  INFO 3056 --- [main] .s.d.r.c.RepositoryConfigurationDelegate : Bootstrapping Spring Data JPA repositories in DEFAULT mode.
2022-03-13 10:18:56.090  INFO 3056 --- [main] .s.d.r.c.RepositoryConfigurationDelegate : Finished Spring Data repository scanning in 216ms. Found 2 JPA repository interfaces.
2022-03-13 10:18:58.831  INFO 3056 --- [main] o.s.b.w.embedded.tomcat.TomcatWebServer  : Tomcat initialized with port(s): 8086 (http)
2022-03-13 10:18:58.857  INFO 3056 --- [main] o.apache.catalina.core.StandardService   : Starting service [Tomcat]
2022-03-13 10:18:58.858  INFO 3056 --- [main] org.apache.catalina.core.StandardEngine  : Starting Servlet engine: [Apache Tomcat/9.0.38]
2022-03-13 10:18:59.130  INFO 3056 --- [main] o.a.c.c.C.[Tomcat].[localhost].[/]       : Initializing Spring embedded WebApplicationContext
2022-03-13 10:18:59.131  INFO 3056 --- [main] w.s.c.ServletWebServerApplicationContext : Root WebApplicationContext: initialization completed in 6111 ms
2022-03-13 10:18:59.294  INFO 3056 --- [main] com.zaxxer.hikari.HikariDataSource       : HikariPool-1 - Starting...
2022-03-13 10:18:59.966  INFO 3056 --- [main] com.zaxxer.hikari.HikariDataSource       : HikariPool-1 - Start completed.
2022-03-13 10:18:59.986  INFO 3056 --- [main] o.s.b.a.h2.H2ConsoleAutoConfiguration    : H2 console available at '/h2'. Database available at 'jdbc:h2:mem:testdb'
2022-03-13 10:19:00.488  INFO 3056 --- [main] o.hibernate.jpa.internal.util.LogHelper  : HHH000204: Processing PersistenceUnitInfo [name: default]
2022-03-13 10:19:00.647  INFO 3056 --- [main] org.hibernate.Version                    : HHH000412: Hibernate ORM core version 5.4.21.Final
2022-03-13 10:19:01.147  INFO 3056 --- [main] o.hibernate.annotations.common.Version   : HCANN000001: Hibernate Commons Annotations {5.1.0.Final}
2022-03-13 10:19:01.554  INFO 3056 --- [main] org.hibernate.dialect.Dialect            : HHH000400: Using dialect: org.hibernate.dialect.H2Dialect
2022-03-13 10:19:03.135  INFO 3056 --- [main] o.h.e.t.j.p.i.JtaPlatformInitiator       : HHH000490: Using JtaPlatform implementation: [org.hibernate.engine.transaction.jta.platform.internal.NoJtaPlatform]
2022-03-13 10:19:03.160  INFO 3056 --- [main] j.LocalContainerEntityManagerFactoryBean : Initialized JPA EntityManagerFactory for persistence unit 'default'
2022-03-13 10:19:03.337  WARN 3056 --- [main] JpaBaseConfiguration$JpaWebConfiguration : spring.jpa.open-in-view is enabled by default. Therefore, database queries may be performed during view rendering. Explicitly configure spring.jpa.open-in-view to disable this warning
2022-03-13 10:19:07.096  INFO 3056 --- [main] o.s.s.web.DefaultSecurityFilterChain     : Creating filter chain: any request, [org.springframework.security.web.context.request.async.WebAsyncManagerIntegrationFilter@147aceec, org.springframework.security.web.context.SecurityContextPersistenceFilter@67d55a46, org.springframework.security.web.header.HeaderWriterFilter@44723d95, org.springframework.security.web.authentication.logout.LogoutFilter@188ab96, org.springframework.security.web.authentication.www.BasicAuthenticationFilter@7d0312a, org.springframework.security.web.savedrequest.RequestCacheAwareFilter@1d982fbe, org.springframework.security.web.servletapi.SecurityContextHolderAwareRequestFilter@58d4fe33, org.springframework.security.web.authentication.AnonymousAuthenticationFilter@68838767, org.springframework.security.web.session.SessionManagementFilter@10ffe32f, org.springframework.security.web.access.ExceptionTranslationFilter@20b921be, org.springframework.security.web.access.intercept.FilterSecurityInterceptor@35c3d6e8]
2022-03-13 10:19:07.156  INFO 3056 --- [main] pertySourcedRequestMappingHandlerMapping : Mapped URL path [/v2/api-docs] onto method [springfox.documentation.swagger2.web.Swagger2Controller#getDocumentation(String, HttpServletRequest)]
2022-03-13 10:19:07.435  INFO 3056 --- [main] o.s.s.concurrent.ThreadPoolTaskExecutor  : Initializing ExecutorService 'applicationTaskExecutor'
2022-03-13 10:19:07.767  INFO 3056 --- [main] d.s.w.p.DocumentationPluginsBootstrapper : Context refreshed
2022-03-13 10:19:07.818  INFO 3056 --- [main] d.s.w.p.DocumentationPluginsBootstrapper : Found 1 custom documentation plugin(s)
2022-03-13 10:19:07.993  INFO 3056 --- [main] s.d.s.w.s.ApiListingReferenceScanner     : Scanning for api listing references
2022-03-13 10:19:08.656  INFO 3056 --- [main] o.apache.catalina.core.StandardService   : Stopping service [Tomcat]
2022-03-13 10:19:08.664  WARN 3056 --- [main] o.a.c.loader.WebappClassLoaderBase       : The web application [ROOT] appears to have started a thread named [HikariPool-1 housekeeper] but has failed to stop it. This is very likely to create a memory leak. Stack trace of thread:
 sun.misc.Unsafe.park(Native Method)
 java.util.concurrent.locks.LockSupport.parkNanos(LockSupport.java:215)
 java.util.concurrent.locks.AbstractQueuedSynchronizer$ConditionObject.awaitNanos(AbstractQueuedSynchronizer.java:2078)
 java.util.concurrent.ScheduledThreadPoolExecutor$DelayedWorkQueue.take(ScheduledThreadPoolExecutor.java:1093)
 java.util.concurrent.ScheduledThreadPoolExecutor$DelayedWorkQueue.take(ScheduledThreadPoolExecutor.java:809)
 java.util.concurrent.ThreadPoolExecutor.getTask(ThreadPoolExecutor.java:1074)
 java.util.concurrent.ThreadPoolExecutor.runWorker(ThreadPoolExecutor.java:1134)
 java.util.concurrent.ThreadPoolExecutor$Worker.run(ThreadPoolExecutor.java:624)
 java.lang.Thread.run(Thread.java:748)
2022-03-13 10:19:08.678  INFO 3056 --- [main] ConditionEvaluationReportLoggingListener : 

Error starting ApplicationContext. To display the conditions report re-run your application with 'debug' enabled.
2022-03-13 10:19:08.686 ERROR 3056 --- [main] o.s.b.d.LoggingFailureAnalysisReporter   : 

***************************
APPLICATION FAILED TO START
***************************

Description:

Web server failed to start. Port 8086 was already in use.

Action:

Identify and stop the process that's listening on port 8086 or configure this application to listen on another port.

2022-03-13 10:19:08.692  INFO 3056 --- [main] o.s.s.concurrent.ThreadPoolTaskExecutor  : Shutting down ExecutorService 'applicationTaskExecutor'
2022-03-13 10:19:08.700  INFO 3056 --- [main] j.LocalContainerEntityManagerFactoryBean : Closing JPA EntityManagerFactory for persistence unit 'default'
2022-03-13 10:19:08.700  INFO 3056 --- [main] .SchemaDropperImpl$DelayedDropActionImpl : HHH000477: Starting delayed evictData of schema as part of SessionFactory shut-down'
2022-03-13 10:19:08.724  INFO 3056 --- [main] com.zaxxer.hikari.HikariDataSource       : HikariPool-1 - Shutdown initiated...
2022-03-13 10:19:08.734  INFO 3056 --- [main] com.zaxxer.hikari.HikariDataSource       : HikariPool-1 - Shutdown completed.
2022-03-13 10:19:50.655  INFO 12352 --- [main] com.api.sportyShoes.SportyShoes          : Starting SportyShoes on LAPTOP-5TFVLITU with PID 12352 (C:\Users\Aditya\sporty_shoes-master\target\classes started by Aditya in C:\Users\Aditya\sporty_shoes-master)
2022-03-13 10:19:50.664  INFO 12352 --- [main] com.api.sportyShoes.SportyShoes          : No active profile set, falling back to default profiles: default
2022-03-13 10:19:53.111  INFO 12352 --- [main] .s.d.r.c.RepositoryConfigurationDelegate : Bootstrapping Spring Data JPA repositories in DEFAULT mode.
2022-03-13 10:19:53.290  INFO 12352 --- [main] .s.d.r.c.RepositoryConfigurationDelegate : Finished Spring Data repository scanning in 157ms. Found 2 JPA repository interfaces.
2022-03-13 10:19:55.197  INFO 12352 --- [main] o.s.b.w.embedded.tomcat.TomcatWebServer  : Tomcat initialized with port(s): 8086 (http)
2022-03-13 10:19:55.220  INFO 12352 --- [main] o.apache.catalina.core.StandardService   : Starting service [Tomcat]
2022-03-13 10:19:55.221  INFO 12352 --- [main] org.apache.catalina.core.StandardEngine  : Starting Servlet engine: [Apache Tomcat/9.0.38]
2022-03-13 10:19:55.452  INFO 12352 --- [main] o.a.c.c.C.[Tomcat].[localhost].[/]       : Initializing Spring embedded WebApplicationContext
2022-03-13 10:19:55.453  INFO 12352 --- [main] w.s.c.ServletWebServerApplicationContext : Root WebApplicationContext: initialization completed in 4610 ms
2022-03-13 10:19:55.568  INFO 12352 --- [main] com.zaxxer.hikari.HikariDataSource       : HikariPool-1 - Starting...
2022-03-13 10:19:56.175  INFO 12352 --- [main] com.zaxxer.hikari.HikariDataSource       : HikariPool-1 - Start completed.
2022-03-13 10:19:56.193  INFO 12352 --- [main] o.s.b.a.h2.H2ConsoleAutoConfiguration    : H2 console available at '/h2'. Database available at 'jdbc:h2:mem:testdb'
2022-03-13 10:19:56.735  INFO 12352 --- [main] o.hibernate.jpa.internal.util.LogHelper  : HHH000204: Processing PersistenceUnitInfo [name: default]
2022-03-13 10:19:56.884  INFO 12352 --- [main] org.hibernate.Version                    : HHH000412: Hibernate ORM core version 5.4.21.Final
2022-03-13 10:19:57.191  INFO 12352 --- [main] o.hibernate.annotations.common.Version   : HCANN000001: Hibernate Commons Annotations {5.1.0.Final}
2022-03-13 10:19:57.509  INFO 12352 --- [main] org.hibernate.dialect.Dialect            : HHH000400: Using dialect: org.hibernate.dialect.H2Dialect
2022-03-13 10:19:59.129  INFO 12352 --- [main] o.h.e.t.j.p.i.JtaPlatformInitiator       : HHH000490: Using JtaPlatform implementation: [org.hibernate.engine.transaction.jta.platform.internal.NoJtaPlatform]
2022-03-13 10:19:59.152  INFO 12352 --- [main] j.LocalContainerEntityManagerFactoryBean : Initialized JPA EntityManagerFactory for persistence unit 'default'
2022-03-13 10:19:59.318  WARN 12352 --- [main] JpaBaseConfiguration$JpaWebConfiguration : spring.jpa.open-in-view is enabled by default. Therefore, database queries may be performed during view rendering. Explicitly configure spring.jpa.open-in-view to disable this warning
2022-03-13 10:20:03.532  INFO 12352 --- [main] o.s.s.web.DefaultSecurityFilterChain     : Creating filter chain: any request, [org.springframework.security.web.context.request.async.WebAsyncManagerIntegrationFilter@4a1c14a6, org.springframework.security.web.context.SecurityContextPersistenceFilter@2262bc86, org.springframework.security.web.header.HeaderWriterFilter@4faaff61, org.springframework.security.web.authentication.logout.LogoutFilter@444ebefd, org.springframework.security.web.authentication.www.BasicAuthenticationFilter@3efd3302, org.springframework.security.web.savedrequest.RequestCacheAwareFilter@4f72078d, org.springframework.security.web.servletapi.SecurityContextHolderAwareRequestFilter@2fa4888c, org.springframework.security.web.authentication.AnonymousAuthenticationFilter@1bc1aa9e, org.springframework.security.web.session.SessionManagementFilter@2fbb098f, org.springframework.security.web.access.ExceptionTranslationFilter@6b8f87dc, org.springframework.security.web.access.intercept.FilterSecurityInterceptor@1892865f]
2022-03-13 10:20:03.659  INFO 12352 --- [main] pertySourcedRequestMappingHandlerMapping : Mapped URL path [/v2/api-docs] onto method [springfox.documentation.swagger2.web.Swagger2Controller#getDocumentation(String, HttpServletRequest)]
2022-03-13 10:20:04.067  INFO 12352 --- [main] o.s.s.concurrent.ThreadPoolTaskExecutor  : Initializing ExecutorService 'applicationTaskExecutor'
2022-03-13 10:20:04.486  INFO 12352 --- [main] d.s.w.p.DocumentationPluginsBootstrapper : Context refreshed
2022-03-13 10:20:04.533  INFO 12352 --- [main] d.s.w.p.DocumentationPluginsBootstrapper : Found 1 custom documentation plugin(s)
2022-03-13 10:20:04.683  INFO 12352 --- [main] s.d.s.w.s.ApiListingReferenceScanner     : Scanning for api listing references
2022-03-13 10:20:05.211  INFO 12352 --- [main] o.apache.catalina.core.StandardService   : Stopping service [Tomcat]
2022-03-13 10:20:05.218  WARN 12352 --- [main] o.a.c.loader.WebappClassLoaderBase       : The web application [ROOT] appears to have started a thread named [HikariPool-1 housekeeper] but has failed to stop it. This is very likely to create a memory leak. Stack trace of thread:
 sun.misc.Unsafe.park(Native Method)
 java.util.concurrent.locks.LockSupport.parkNanos(LockSupport.java:215)
 java.util.concurrent.locks.AbstractQueuedSynchronizer$ConditionObject.awaitNanos(AbstractQueuedSynchronizer.java:2078)
 java.util.concurrent.ScheduledThreadPoolExecutor$DelayedWorkQueue.take(ScheduledThreadPoolExecutor.java:1093)
 java.util.concurrent.ScheduledThreadPoolExecutor$DelayedWorkQueue.take(ScheduledThreadPoolExecutor.java:809)
 java.util.concurrent.ThreadPoolExecutor.getTask(ThreadPoolExecutor.java:1074)
 java.util.concurrent.ThreadPoolExecutor.runWorker(ThreadPoolExecutor.java:1134)
 java.util.concurrent.ThreadPoolExecutor$Worker.run(ThreadPoolExecutor.java:624)
 java.lang.Thread.run(Thread.java:748)
2022-03-13 10:20:05.229  INFO 12352 --- [main] ConditionEvaluationReportLoggingListener : 

Error starting ApplicationContext. To display the conditions report re-run your application with 'debug' enabled.
2022-03-13 10:20:05.238 ERROR 12352 --- [main] o.s.b.d.LoggingFailureAnalysisReporter   : 

***************************
APPLICATION FAILED TO START
***************************

Description:

Web server failed to start. Port 8086 was already in use.

Action:

Identify and stop the process that's listening on port 8086 or configure this application to listen on another port.

2022-03-13 10:20:05.244  INFO 12352 --- [main] o.s.s.concurrent.ThreadPoolTaskExecutor  : Shutting down ExecutorService 'applicationTaskExecutor'
2022-03-13 10:20:05.249  INFO 12352 --- [main] j.LocalContainerEntityManagerFactoryBean : Closing JPA EntityManagerFactory for persistence unit 'default'
2022-03-13 10:20:05.250  INFO 12352 --- [main] .SchemaDropperImpl$DelayedDropActionImpl : HHH000477: Starting delayed evictData of schema as part of SessionFactory shut-down'
2022-03-13 10:20:05.265  INFO 12352 --- [main] com.zaxxer.hikari.HikariDataSource       : HikariPool-1 - Shutdown initiated...
2022-03-13 10:20:05.280  INFO 12352 --- [main] com.zaxxer.hikari.HikariDataSource       : HikariPool-1 - Shutdown completed.
2022-03-13 10:21:36.386  INFO 12084 --- [main] com.api.sportyShoes.SportyShoes          : Starting SportyShoes on LAPTOP-5TFVLITU with PID 12084 (C:\Users\Aditya\sporty_shoes-master\target\classes started by Aditya in C:\Users\Aditya\sporty_shoes-master)
2022-03-13 10:21:36.396  INFO 12084 --- [main] com.api.sportyShoes.SportyShoes          : No active profile set, falling back to default profiles: default
2022-03-13 10:21:38.734  INFO 12084 --- [main] .s.d.r.c.RepositoryConfigurationDelegate : Bootstrapping Spring Data JPA repositories in DEFAULT mode.
2022-03-13 10:21:38.946  INFO 12084 --- [main] .s.d.r.c.RepositoryConfigurationDelegate : Finished Spring Data repository scanning in 186ms. Found 2 JPA repository interfaces.
2022-03-13 10:21:40.656  INFO 12084 --- [main] o.s.b.w.embedded.tomcat.TomcatWebServer  : Tomcat initialized with port(s): 8086 (http)
2022-03-13 10:21:40.682  INFO 12084 --- [main] o.apache.catalina.core.StandardService   : Starting service [Tomcat]
2022-03-13 10:21:40.683  INFO 12084 --- [main] org.apache.catalina.core.StandardEngine  : Starting Servlet engine: [Apache Tomcat/9.0.38]
2022-03-13 10:21:40.926  INFO 12084 --- [main] o.a.c.c.C.[Tomcat].[localhost].[/]       : Initializing Spring embedded WebApplicationContext
2022-03-13 10:21:40.927  INFO 12084 --- [main] w.s.c.ServletWebServerApplicationContext : Root WebApplicationContext: initialization completed in 4378 ms
2022-03-13 10:21:41.071  INFO 12084 --- [main] com.zaxxer.hikari.HikariDataSource       : HikariPool-1 - Starting...
2022-03-13 10:21:41.617  INFO 12084 --- [main] com.zaxxer.hikari.HikariDataSource       : HikariPool-1 - Start completed.
2022-03-13 10:21:41.633  INFO 12084 --- [main] o.s.b.a.h2.H2ConsoleAutoConfiguration    : H2 console available at '/h2'. Database available at 'jdbc:h2:mem:testdb'
2022-03-13 10:21:41.991  INFO 12084 --- [main] o.hibernate.jpa.internal.util.LogHelper  : HHH000204: Processing PersistenceUnitInfo [name: default]
2022-03-13 10:21:42.122  INFO 12084 --- [main] org.hibernate.Version                    : HHH000412: Hibernate ORM core version 5.4.21.Final
2022-03-13 10:21:42.435  INFO 12084 --- [main] o.hibernate.annotations.common.Version   : HCANN000001: Hibernate Commons Annotations {5.1.0.Final}
2022-03-13 10:21:42.719  INFO 12084 --- [main] org.hibernate.dialect.Dialect            : HHH000400: Using dialect: org.hibernate.dialect.H2Dialect
2022-03-13 10:21:44.053  INFO 12084 --- [main] o.h.e.t.j.p.i.JtaPlatformInitiator       : HHH000490: Using JtaPlatform implementation: [org.hibernate.engine.transaction.jta.platform.internal.NoJtaPlatform]
2022-03-13 10:21:44.066  INFO 12084 --- [main] j.LocalContainerEntityManagerFactoryBean : Initialized JPA EntityManagerFactory for persistence unit 'default'
2022-03-13 10:21:44.224  WARN 12084 --- [main] JpaBaseConfiguration$JpaWebConfiguration : spring.jpa.open-in-view is enabled by default. Therefore, database queries may be performed during view rendering. Explicitly configure spring.jpa.open-in-view to disable this warning
2022-03-13 10:21:46.700  INFO 12084 --- [main] o.s.s.web.DefaultSecurityFilterChain     : Creating filter chain: any request, [org.springframework.security.web.context.request.async.WebAsyncManagerIntegrationFilter@1bb4c431, org.springframework.security.web.context.SecurityContextPersistenceFilter@b339a08, org.springframework.security.web.header.HeaderWriterFilter@407f2029, org.springframework.security.web.authentication.logout.LogoutFilter@3c743d40, org.springframework.security.web.authentication.www.BasicAuthenticationFilter@37b238da, org.springframework.security.web.savedrequest.RequestCacheAwareFilter@5a583720, org.springframework.security.web.servletapi.SecurityContextHolderAwareRequestFilter@2838eb, org.springframework.security.web.authentication.AnonymousAuthenticationFilter@4fd3b20a, org.springframework.security.web.session.SessionManagementFilter@f591271, org.springframework.security.web.access.ExceptionTranslationFilter@6b3b2c34, org.springframework.security.web.access.intercept.FilterSecurityInterceptor@d0fabc8]
2022-03-13 10:21:46.757  INFO 12084 --- [main] pertySourcedRequestMappingHandlerMapping : Mapped URL path [/v2/api-docs] onto method [springfox.documentation.swagger2.web.Swagger2Controller#getDocumentation(String, HttpServletRequest)]
2022-03-13 10:21:46.989  INFO 12084 --- [main] o.s.s.concurrent.ThreadPoolTaskExecutor  : Initializing ExecutorService 'applicationTaskExecutor'
2022-03-13 10:21:47.264  INFO 12084 --- [main] d.s.w.p.DocumentationPluginsBootstrapper : Context refreshed
2022-03-13 10:21:47.298  INFO 12084 --- [main] d.s.w.p.DocumentationPluginsBootstrapper : Found 1 custom documentation plugin(s)
2022-03-13 10:21:47.404  INFO 12084 --- [main] s.d.s.w.s.ApiListingReferenceScanner     : Scanning for api listing references
2022-03-13 10:21:47.832  INFO 12084 --- [main] o.s.b.w.embedded.tomcat.TomcatWebServer  : Tomcat started on port(s): 8086 (http) with context path ''
2022-03-13 10:21:47.835  INFO 12084 --- [main] com.api.sportyShoes.SportyShoes          : Started SportyShoes in 12.318 seconds (JVM running for 13.351)
2022-03-13 10:21:53.656  INFO 3160 --- [main] com.api.sportyShoes.SportyShoes          : Starting SportyShoes on LAPTOP-5TFVLITU with PID 3160 (C:\Users\Aditya\sporty_shoes-master\target\classes started by Aditya in C:\Users\Aditya\sporty_shoes-master)
2022-03-13 10:21:53.665  INFO 3160 --- [main] com.api.sportyShoes.SportyShoes          : No active profile set, falling back to default profiles: default
2022-03-13 10:21:56.385  INFO 3160 --- [main] .s.d.r.c.RepositoryConfigurationDelegate : Bootstrapping Spring Data JPA repositories in DEFAULT mode.
2022-03-13 10:21:56.595  INFO 3160 --- [main] .s.d.r.c.RepositoryConfigurationDelegate : Finished Spring Data repository scanning in 185ms. Found 2 JPA repository interfaces.
2022-03-13 10:21:58.665  INFO 3160 --- [main] o.s.b.w.embedded.tomcat.TomcatWebServer  : Tomcat initialized with port(s): 8086 (http)
2022-03-13 10:21:58.687  INFO 3160 --- [main] o.apache.catalina.core.StandardService   : Starting service [Tomcat]
2022-03-13 10:21:58.688  INFO 3160 --- [main] org.apache.catalina.core.StandardEngine  : Starting Servlet engine: [Apache Tomcat/9.0.38]
2022-03-13 10:21:58.924  INFO 3160 --- [main] o.a.c.c.C.[Tomcat].[localhost].[/]       : Initializing Spring embedded WebApplicationContext
2022-03-13 10:21:58.925  INFO 3160 --- [main] w.s.c.ServletWebServerApplicationContext : Root WebApplicationContext: initialization completed in 5107 ms
2022-03-13 10:21:59.056  INFO 3160 --- [main] com.zaxxer.hikari.HikariDataSource       : HikariPool-1 - Starting...
2022-03-13 10:21:59.752  INFO 3160 --- [main] com.zaxxer.hikari.HikariDataSource       : HikariPool-1 - Start completed.
2022-03-13 10:21:59.777  INFO 3160 --- [main] o.s.b.a.h2.H2ConsoleAutoConfiguration    : H2 console available at '/h2'. Database available at 'jdbc:h2:mem:testdb'
2022-03-13 10:22:00.341  INFO 3160 --- [main] o.hibernate.jpa.internal.util.LogHelper  : HHH000204: Processing PersistenceUnitInfo [name: default]
2022-03-13 10:22:00.498  INFO 3160 --- [main] org.hibernate.Version                    : HHH000412: Hibernate ORM core version 5.4.21.Final
2022-03-13 10:22:00.838  INFO 3160 --- [main] o.hibernate.annotations.common.Version   : HCANN000001: Hibernate Commons Annotations {5.1.0.Final}
2022-03-13 10:22:01.161  INFO 3160 --- [main] org.hibernate.dialect.Dialect            : HHH000400: Using dialect: org.hibernate.dialect.H2Dialect
2022-03-13 10:22:02.698  INFO 3160 --- [main] o.h.e.t.j.p.i.JtaPlatformInitiator       : HHH000490: Using JtaPlatform implementation: [org.hibernate.engine.transaction.jta.platform.internal.NoJtaPlatform]
2022-03-13 10:22:02.717  INFO 3160 --- [main] j.LocalContainerEntityManagerFactoryBean : Initialized JPA EntityManagerFactory for persistence unit 'default'
2022-03-13 10:22:02.901  WARN 3160 --- [main] JpaBaseConfiguration$JpaWebConfiguration : spring.jpa.open-in-view is enabled by default. Therefore, database queries may be performed during view rendering. Explicitly configure spring.jpa.open-in-view to disable this warning
2022-03-13 10:22:06.212  INFO 3160 --- [main] o.s.s.web.DefaultSecurityFilterChain     : Creating filter chain: any request, [org.springframework.security.web.context.request.async.WebAsyncManagerIntegrationFilter@1f7b8d59, org.springframework.security.web.context.SecurityContextPersistenceFilter@27bc2650, org.springframework.security.web.header.HeaderWriterFilter@2f11d889, org.springframework.security.web.authentication.logout.LogoutFilter@4e68aede, org.springframework.security.web.authentication.www.BasicAuthenticationFilter@7a6e0f3c, org.springframework.security.web.savedrequest.RequestCacheAwareFilter@198524ec, org.springframework.security.web.servletapi.SecurityContextHolderAwareRequestFilter@568fd3de, org.springframework.security.web.authentication.AnonymousAuthenticationFilter@28551755, org.springframework.security.web.session.SessionManagementFilter@2fbd47b7, org.springframework.security.web.access.ExceptionTranslationFilter@2d1f9ec3, org.springframework.security.web.access.intercept.FilterSecurityInterceptor@8942ece]
2022-03-13 10:22:06.276  INFO 3160 --- [main] pertySourcedRequestMappingHandlerMapping : Mapped URL path [/v2/api-docs] onto method [springfox.documentation.swagger2.web.Swagger2Controller#getDocumentation(String, HttpServletRequest)]
2022-03-13 10:22:06.569  INFO 3160 --- [main] o.s.s.concurrent.ThreadPoolTaskExecutor  : Initializing ExecutorService 'applicationTaskExecutor'
2022-03-13 10:22:06.882  INFO 3160 --- [main] d.s.w.p.DocumentationPluginsBootstrapper : Context refreshed
2022-03-13 10:22:06.930  INFO 3160 --- [main] d.s.w.p.DocumentationPluginsBootstrapper : Found 1 custom documentation plugin(s)
2022-03-13 10:22:07.116  INFO 3160 --- [main] s.d.s.w.s.ApiListingReferenceScanner     : Scanning for api listing references
2022-03-13 10:22:07.772  INFO 3160 --- [main] o.apache.catalina.core.StandardService   : Stopping service [Tomcat]
2022-03-13 10:22:07.781  WARN 3160 --- [main] o.a.c.loader.WebappClassLoaderBase       : The web application [ROOT] appears to have started a thread named [HikariPool-1 housekeeper] but has failed to stop it. This is very likely to create a memory leak. Stack trace of thread:
 sun.misc.Unsafe.park(Native Method)
 java.util.concurrent.locks.LockSupport.parkNanos(LockSupport.java:215)
 java.util.concurrent.locks.AbstractQueuedSynchronizer$ConditionObject.awaitNanos(AbstractQueuedSynchronizer.java:2078)
 java.util.concurrent.ScheduledThreadPoolExecutor$DelayedWorkQueue.take(ScheduledThreadPoolExecutor.java:1093)
 java.util.concurrent.ScheduledThreadPoolExecutor$DelayedWorkQueue.take(ScheduledThreadPoolExecutor.java:809)
 java.util.concurrent.ThreadPoolExecutor.getTask(ThreadPoolExecutor.java:1074)
 java.util.concurrent.ThreadPoolExecutor.runWorker(ThreadPoolExecutor.java:1134)
 java.util.concurrent.ThreadPoolExecutor$Worker.run(ThreadPoolExecutor.java:624)
 java.lang.Thread.run(Thread.java:748)
2022-03-13 10:22:07.792  INFO 3160 --- [main] ConditionEvaluationReportLoggingListener : 

Error starting ApplicationContext. To display the conditions report re-run your application with 'debug' enabled.
2022-03-13 10:22:07.797 ERROR 3160 --- [main] o.s.b.d.LoggingFailureAnalysisReporter   : 

***************************
APPLICATION FAILED TO START
***************************

Description:

Web server failed to start. Port 8086 was already in use.

Action:

Identify and stop the process that's listening on port 8086 or configure this application to listen on another port.

2022-03-13 10:22:07.803  INFO 3160 --- [main] o.s.s.concurrent.ThreadPoolTaskExecutor  : Shutting down ExecutorService 'applicationTaskExecutor'
2022-03-13 10:22:07.807  INFO 3160 --- [main] j.LocalContainerEntityManagerFactoryBean : Closing JPA EntityManagerFactory for persistence unit 'default'
2022-03-13 10:22:07.808  INFO 3160 --- [main] .SchemaDropperImpl$DelayedDropActionImpl : HHH000477: Starting delayed evictData of schema as part of SessionFactory shut-down'
2022-03-13 10:22:07.821  INFO 3160 --- [main] com.zaxxer.hikari.HikariDataSource       : HikariPool-1 - Shutdown initiated...
2022-03-13 10:22:07.841  INFO 3160 --- [main] com.zaxxer.hikari.HikariDataSource       : HikariPool-1 - Shutdown completed.
2022-03-13 10:23:14.623  INFO 12084 --- [http-nio-8086-exec-2] o.a.c.c.C.[Tomcat].[localhost].[/]       : Initializing Spring DispatcherServlet 'dispatcherServlet'
2022-03-13 10:23:14.624  INFO 12084 --- [http-nio-8086-exec-2] o.s.web.servlet.DispatcherServlet        : Initializing Servlet 'dispatcherServlet'
2022-03-13 10:23:14.649  INFO 12084 --- [http-nio-8086-exec-2] o.s.web.servlet.DispatcherServlet        : Completed initialization in 25 ms
2022-03-13 10:24:36.390  INFO 12840 --- [main] com.api.sportyShoes.SportyShoes          : Starting SportyShoes on LAPTOP-5TFVLITU with PID 12840 (C:\Users\Aditya\sporty_shoes-master\target\classes started by Aditya in C:\Users\Aditya\sporty_shoes-master)
2022-03-13 10:24:36.399  INFO 12840 --- [main] com.api.sportyShoes.SportyShoes          : No active profile set, falling back to default profiles: default
2022-03-13 10:24:39.054  INFO 12840 --- [main] .s.d.r.c.RepositoryConfigurationDelegate : Bootstrapping Spring Data JPA repositories in DEFAULT mode.
2022-03-13 10:24:39.233  INFO 12840 --- [main] .s.d.r.c.RepositoryConfigurationDelegate : Finished Spring Data repository scanning in 159ms. Found 2 JPA repository interfaces.
2022-03-13 10:24:41.346  INFO 12840 --- [main] o.s.b.w.embedded.tomcat.TomcatWebServer  : Tomcat initialized with port(s): 8086 (http)
2022-03-13 10:24:41.376  INFO 12840 --- [main] o.apache.catalina.core.StandardService   : Starting service [Tomcat]
2022-03-13 10:24:41.376  INFO 12840 --- [main] org.apache.catalina.core.StandardEngine  : Starting Servlet engine: [Apache Tomcat/9.0.38]
2022-03-13 10:24:41.603  INFO 12840 --- [main] o.a.c.c.C.[Tomcat].[localhost].[/]       : Initializing Spring embedded WebApplicationContext
2022-03-13 10:24:41.604  INFO 12840 --- [main] w.s.c.ServletWebServerApplicationContext : Root WebApplicationContext: initialization completed in 5060 ms
2022-03-13 10:24:41.735  INFO 12840 --- [main] com.zaxxer.hikari.HikariDataSource       : HikariPool-1 - Starting...
2022-03-13 10:24:42.396  INFO 12840 --- [main] com.zaxxer.hikari.HikariDataSource       : HikariPool-1 - Start completed.
2022-03-13 10:24:42.420  INFO 12840 --- [main] o.s.b.a.h2.H2ConsoleAutoConfiguration    : H2 console available at '/h2'. Database available at 'jdbc:h2:mem:testdb'
2022-03-13 10:24:42.974  INFO 12840 --- [main] o.hibernate.jpa.internal.util.LogHelper  : HHH000204: Processing PersistenceUnitInfo [name: default]
2022-03-13 10:24:43.166  INFO 12840 --- [main] org.hibernate.Version                    : HHH000412: Hibernate ORM core version 5.4.21.Final
2022-03-13 10:24:43.526  INFO 12840 --- [main] o.hibernate.annotations.common.Version   : HCANN000001: Hibernate Commons Annotations {5.1.0.Final}
2022-03-13 10:24:43.852  INFO 12840 --- [main] org.hibernate.dialect.Dialect            : HHH000400: Using dialect: org.hibernate.dialect.H2Dialect
2022-03-13 10:24:45.536  INFO 12840 --- [main] o.h.e.t.j.p.i.JtaPlatformInitiator       : HHH000490: Using JtaPlatform implementation: [org.hibernate.engine.transaction.jta.platform.internal.NoJtaPlatform]
2022-03-13 10:24:45.551  INFO 12840 --- [main] j.LocalContainerEntityManagerFactoryBean : Initialized JPA EntityManagerFactory for persistence unit 'default'
2022-03-13 10:24:45.719  WARN 12840 --- [main] JpaBaseConfiguration$JpaWebConfiguration : spring.jpa.open-in-view is enabled by default. Therefore, database queries may be performed during view rendering. Explicitly configure spring.jpa.open-in-view to disable this warning
2022-03-13 10:24:50.054  INFO 12840 --- [main] o.s.s.web.DefaultSecurityFilterChain     : Creating filter chain: any request, [org.springframework.security.web.context.request.async.WebAsyncManagerIntegrationFilter@5418893c, org.springframework.security.web.context.SecurityContextPersistenceFilter@73633230, org.springframework.security.web.header.HeaderWriterFilter@7a79d99c, org.springframework.security.web.authentication.logout.LogoutFilter@11fa11b2, org.springframework.security.web.authentication.www.BasicAuthenticationFilter@7ca8f5d7, org.springframework.security.web.savedrequest.RequestCacheAwareFilter@215f8d7, org.springframework.security.web.servletapi.SecurityContextHolderAwareRequestFilter@623ed5ed, org.springframework.security.web.authentication.AnonymousAuthenticationFilter@22ba30b0, org.springframework.security.web.session.SessionManagementFilter@325236f5, org.springframework.security.web.access.ExceptionTranslationFilter@67afc9b6, org.springframework.security.web.access.intercept.FilterSecurityInterceptor@70ab1ce0]
2022-03-13 10:24:50.109  INFO 12840 --- [main] pertySourcedRequestMappingHandlerMapping : Mapped URL path [/v2/api-docs] onto method [springfox.documentation.swagger2.web.Swagger2Controller#getDocumentation(String, HttpServletRequest)]
2022-03-13 10:24:50.411  INFO 12840 --- [main] o.s.s.concurrent.ThreadPoolTaskExecutor  : Initializing ExecutorService 'applicationTaskExecutor'
2022-03-13 10:24:50.732  INFO 12840 --- [main] d.s.w.p.DocumentationPluginsBootstrapper : Context refreshed
2022-03-13 10:24:50.772  INFO 12840 --- [main] d.s.w.p.DocumentationPluginsBootstrapper : Found 1 custom documentation plugin(s)
2022-03-13 10:24:50.920  INFO 12840 --- [main] s.d.s.w.s.ApiListingReferenceScanner     : Scanning for api listing references
2022-03-13 10:24:51.537  INFO 12840 --- [main] o.s.b.w.embedded.tomcat.TomcatWebServer  : Tomcat started on port(s): 8086 (http) with context path ''
2022-03-13 10:24:51.540  INFO 12840 --- [main] com.api.sportyShoes.SportyShoes          : Started SportyShoes in 16.036 seconds (JVM running for 17.385)
2022-03-13 10:25:00.280  INFO 12840 --- [http-nio-8086-exec-1] o.a.c.c.C.[Tomcat].[localhost].[/]       : Initializing Spring DispatcherServlet 'dispatcherServlet'
2022-03-13 10:25:00.281  INFO 12840 --- [http-nio-8086-exec-1] o.s.web.servlet.DispatcherServlet        : Initializing Servlet 'dispatcherServlet'
2022-03-13 10:25:00.316  INFO 12840 --- [http-nio-8086-exec-1] o.s.web.servlet.DispatcherServlet        : Completed initialization in 35 ms
2022-03-13 10:25:16.049  INFO 1388 --- [main] com.api.sportyShoes.SportyShoes          : Starting SportyShoes on LAPTOP-5TFVLITU with PID 1388 (C:\Users\Aditya\sporty_shoes-master\target\classes started by Aditya in C:\Users\Aditya\sporty_shoes-master)
2022-03-13 10:25:16.060  INFO 1388 --- [main] com.api.sportyShoes.SportyShoes          : No active profile set, falling back to default profiles: default
2022-03-13 10:25:18.937  INFO 1388 --- [main] .s.d.r.c.RepositoryConfigurationDelegate : Bootstrapping Spring Data JPA repositories in DEFAULT mode.
2022-03-13 10:25:19.137  INFO 1388 --- [main] .s.d.r.c.RepositoryConfigurationDelegate : Finished Spring Data repository scanning in 172ms. Found 2 JPA repository interfaces.
2022-03-13 10:25:21.118  INFO 1388 --- [main] o.s.b.w.embedded.tomcat.TomcatWebServer  : Tomcat initialized with port(s): 8086 (http)
2022-03-13 10:25:21.144  INFO 1388 --- [main] o.apache.catalina.core.StandardService   : Starting service [Tomcat]
2022-03-13 10:25:21.145  INFO 1388 --- [main] org.apache.catalina.core.StandardEngine  : Starting Servlet engine: [Apache Tomcat/9.0.38]
2022-03-13 10:25:21.359  INFO 1388 --- [main] o.a.c.c.C.[Tomcat].[localhost].[/]       : Initializing Spring embedded WebApplicationContext
2022-03-13 10:25:21.360  INFO 1388 --- [main] w.s.c.ServletWebServerApplicationContext : Root WebApplicationContext: initialization completed in 5128 ms
2022-03-13 10:25:21.494  INFO 1388 --- [main] com.zaxxer.hikari.HikariDataSource       : HikariPool-1 - Starting...
2022-03-13 10:25:22.093  INFO 1388 --- [main] com.zaxxer.hikari.HikariDataSource       : HikariPool-1 - Start completed.
2022-03-13 10:25:22.108  INFO 1388 --- [main] o.s.b.a.h2.H2ConsoleAutoConfiguration    : H2 console available at '/h2'. Database available at 'jdbc:h2:mem:testdb'
2022-03-13 10:25:22.687  INFO 1388 --- [main] o.hibernate.jpa.internal.util.LogHelper  : HHH000204: Processing PersistenceUnitInfo [name: default]
2022-03-13 10:25:22.879  INFO 1388 --- [main] org.hibernate.Version                    : HHH000412: Hibernate ORM core version 5.4.21.Final
2022-03-13 10:25:23.341  INFO 1388 --- [main] o.hibernate.annotations.common.Version   : HCANN000001: Hibernate Commons Annotations {5.1.0.Final}
2022-03-13 10:25:23.681  INFO 1388 --- [main] org.hibernate.dialect.Dialect            : HHH000400: Using dialect: org.hibernate.dialect.H2Dialect
2022-03-13 10:25:25.291  INFO 1388 --- [main] o.h.e.t.j.p.i.JtaPlatformInitiator       : HHH000490: Using JtaPlatform implementation: [org.hibernate.engine.transaction.jta.platform.internal.NoJtaPlatform]
2022-03-13 10:25:25.312  INFO 1388 --- [main] j.LocalContainerEntityManagerFactoryBean : Initialized JPA EntityManagerFactory for persistence unit 'default'
2022-03-13 10:25:25.503  WARN 1388 --- [main] JpaBaseConfiguration$JpaWebConfiguration : spring.jpa.open-in-view is enabled by default. Therefore, database queries may be performed during view rendering. Explicitly configure spring.jpa.open-in-view to disable this warning
2022-03-13 10:25:29.384  INFO 1388 --- [main] o.s.s.web.DefaultSecurityFilterChain     : Creating filter chain: any request, [org.springframework.security.web.context.request.async.WebAsyncManagerIntegrationFilter@79080255, org.springframework.security.web.context.SecurityContextPersistenceFilter@2305aad0, org.springframework.security.web.header.HeaderWriterFilter@623ed5ed, org.springframework.security.web.authentication.logout.LogoutFilter@2604940, org.springframework.security.web.authentication.www.BasicAuthenticationFilter@3006aef5, org.springframework.security.web.savedrequest.RequestCacheAwareFilter@7dc963be, org.springframework.security.web.servletapi.SecurityContextHolderAwareRequestFilter@29ddaa8e, org.springframework.security.web.authentication.AnonymousAuthenticationFilter@2cdb53d6, org.springframework.security.web.session.SessionManagementFilter@712213ed, org.springframework.security.web.access.ExceptionTranslationFilter@3b3b2290, org.springframework.security.web.access.intercept.FilterSecurityInterceptor@733e3c19]
2022-03-13 10:25:29.546  INFO 1388 --- [main] pertySourcedRequestMappingHandlerMapping : Mapped URL path [/v2/api-docs] onto method [springfox.documentation.swagger2.web.Swagger2Controller#getDocumentation(String, HttpServletRequest)]
2022-03-13 10:25:29.945  INFO 1388 --- [main] o.s.s.concurrent.ThreadPoolTaskExecutor  : Initializing ExecutorService 'applicationTaskExecutor'
2022-03-13 10:25:30.338  INFO 1388 --- [main] d.s.w.p.DocumentationPluginsBootstrapper : Context refreshed
2022-03-13 10:25:30.379  INFO 1388 --- [main] d.s.w.p.DocumentationPluginsBootstrapper : Found 1 custom documentation plugin(s)
2022-03-13 10:25:30.572  INFO 1388 --- [main] s.d.s.w.s.ApiListingReferenceScanner     : Scanning for api listing references
2022-03-13 10:25:31.164  INFO 1388 --- [main] o.apache.catalina.core.StandardService   : Stopping service [Tomcat]
2022-03-13 10:25:31.172  WARN 1388 --- [main] o.a.c.loader.WebappClassLoaderBase       : The web application [ROOT] appears to have started a thread named [HikariPool-1 housekeeper] but has failed to stop it. This is very likely to create a memory leak. Stack trace of thread:
 sun.misc.Unsafe.park(Native Method)
 java.util.concurrent.locks.LockSupport.parkNanos(LockSupport.java:215)
 java.util.concurrent.locks.AbstractQueuedSynchronizer$ConditionObject.awaitNanos(AbstractQueuedSynchronizer.java:2078)
 java.util.concurrent.ScheduledThreadPoolExecutor$DelayedWorkQueue.take(ScheduledThreadPoolExecutor.java:1093)
 java.util.concurrent.ScheduledThreadPoolExecutor$DelayedWorkQueue.take(ScheduledThreadPoolExecutor.java:809)
 java.util.concurrent.ThreadPoolExecutor.getTask(ThreadPoolExecutor.java:1074)
 java.util.concurrent.ThreadPoolExecutor.runWorker(ThreadPoolExecutor.java:1134)
 java.util.concurrent.ThreadPoolExecutor$Worker.run(ThreadPoolExecutor.java:624)
 java.lang.Thread.run(Thread.java:748)
2022-03-13 10:25:31.185  INFO 1388 --- [main] ConditionEvaluationReportLoggingListener : 

Error starting ApplicationContext. To display the conditions report re-run your application with 'debug' enabled.
2022-03-13 10:25:31.193 ERROR 1388 --- [main] o.s.b.d.LoggingFailureAnalysisReporter   : 

***************************
APPLICATION FAILED TO START
***************************

Description:

Web server failed to start. Port 8086 was already in use.

Action:

Identify and stop the process that's listening on port 8086 or configure this application to listen on another port.

2022-03-13 10:25:31.202  INFO 1388 --- [main] o.s.s.concurrent.ThreadPoolTaskExecutor  : Shutting down ExecutorService 'applicationTaskExecutor'
2022-03-13 10:25:31.210  INFO 1388 --- [main] j.LocalContainerEntityManagerFactoryBean : Closing JPA EntityManagerFactory for persistence unit 'default'
2022-03-13 10:25:31.211  INFO 1388 --- [main] .SchemaDropperImpl$DelayedDropActionImpl : HHH000477: Starting delayed evictData of schema as part of SessionFactory shut-down'
2022-03-13 10:25:31.235  INFO 1388 --- [main] com.zaxxer.hikari.HikariDataSource       : HikariPool-1 - Shutdown initiated...
2022-03-13 10:25:31.250  INFO 1388 --- [main] com.zaxxer.hikari.HikariDataSource       : HikariPool-1 - Shutdown completed.
2022-03-13 10:26:28.839  INFO 2404 --- [main] com.api.sportyShoes.SportyShoes          : Starting SportyShoes on LAPTOP-5TFVLITU with PID 2404 (C:\Users\Aditya\sporty_shoes-master\target\classes started by Aditya in C:\Users\Aditya\sporty_shoes-master)
2022-03-13 10:26:28.864  INFO 2404 --- [main] com.api.sportyShoes.SportyShoes          : No active profile set, falling back to default profiles: default
2022-03-13 10:26:31.642  INFO 2404 --- [main] .s.d.r.c.RepositoryConfigurationDelegate : Bootstrapping Spring Data JPA repositories in DEFAULT mode.
2022-03-13 10:26:31.826  INFO 2404 --- [main] .s.d.r.c.RepositoryConfigurationDelegate : Finished Spring Data repository scanning in 163ms. Found 2 JPA repository interfaces.
2022-03-13 10:26:33.663  INFO 2404 --- [main] o.s.b.w.embedded.tomcat.TomcatWebServer  : Tomcat initialized with port(s): 8086 (http)
2022-03-13 10:26:33.683  INFO 2404 --- [main] o.apache.catalina.core.StandardService   : Starting service [Tomcat]
2022-03-13 10:26:33.684  INFO 2404 --- [main] org.apache.catalina.core.StandardEngine  : Starting Servlet engine: [Apache Tomcat/9.0.38]
2022-03-13 10:26:33.926  INFO 2404 --- [main] o.a.c.c.C.[Tomcat].[localhost].[/]       : Initializing Spring embedded WebApplicationContext
2022-03-13 10:26:33.927  INFO 2404 --- [main] w.s.c.ServletWebServerApplicationContext : Root WebApplicationContext: initialization completed in 4884 ms
2022-03-13 10:26:34.079  INFO 2404 --- [main] com.zaxxer.hikari.HikariDataSource       : HikariPool-1 - Starting...
2022-03-13 10:26:34.779  INFO 2404 --- [main] com.zaxxer.hikari.HikariDataSource       : HikariPool-1 - Start completed.
2022-03-13 10:26:34.798  INFO 2404 --- [main] o.s.b.a.h2.H2ConsoleAutoConfiguration    : H2 console available at '/h2'. Database available at 'jdbc:h2:mem:testdb'
2022-03-13 10:26:35.535  INFO 2404 --- [main] o.hibernate.jpa.internal.util.LogHelper  : HHH000204: Processing PersistenceUnitInfo [name: default]
2022-03-13 10:26:35.825  INFO 2404 --- [main] org.hibernate.Version                    : HHH000412: Hibernate ORM core version 5.4.21.Final
2022-03-13 10:26:36.343  INFO 2404 --- [main] o.hibernate.annotations.common.Version   : HCANN000001: Hibernate Commons Annotations {5.1.0.Final}
2022-03-13 10:26:36.950  INFO 2404 --- [main] org.hibernate.dialect.Dialect            : HHH000400: Using dialect: org.hibernate.dialect.H2Dialect
2022-03-13 10:26:38.594  INFO 2404 --- [main] o.h.e.t.j.p.i.JtaPlatformInitiator       : HHH000490: Using JtaPlatform implementation: [org.hibernate.engine.transaction.jta.platform.internal.NoJtaPlatform]
2022-03-13 10:26:38.616  INFO 2404 --- [main] j.LocalContainerEntityManagerFactoryBean : Initialized JPA EntityManagerFactory for persistence unit 'default'
2022-03-13 10:26:38.826  WARN 2404 --- [main] JpaBaseConfiguration$JpaWebConfiguration : spring.jpa.open-in-view is enabled by default. Therefore, database queries may be performed during view rendering. Explicitly configure spring.jpa.open-in-view to disable this warning
2022-03-13 10:26:43.244  INFO 2404 --- [main] o.s.s.web.DefaultSecurityFilterChain     : Creating filter chain: any request, [org.springframework.security.web.context.request.async.WebAsyncManagerIntegrationFilter@53654b2d, org.springframework.security.web.context.SecurityContextPersistenceFilter@4c25201, org.springframework.security.web.header.HeaderWriterFilter@514b247b, org.springframework.security.web.authentication.logout.LogoutFilter@1f251bf1, org.springframework.security.web.authentication.www.BasicAuthenticationFilter@71c91121, org.springframework.security.web.savedrequest.RequestCacheAwareFilter@526f8cb0, org.springframework.security.web.servletapi.SecurityContextHolderAwareRequestFilter@5dc1597f, org.springframework.security.web.authentication.AnonymousAuthenticationFilter@45b2b0ed, org.springframework.security.web.session.SessionManagementFilter@7dcc0296, org.springframework.security.web.access.ExceptionTranslationFilter@145ef9e8, org.springframework.security.web.access.intercept.FilterSecurityInterceptor@159408a7]
2022-03-13 10:26:43.311  INFO 2404 --- [main] pertySourcedRequestMappingHandlerMapping : Mapped URL path [/v2/api-docs] onto method [springfox.documentation.swagger2.web.Swagger2Controller#getDocumentation(String, HttpServletRequest)]
2022-03-13 10:26:43.608  INFO 2404 --- [main] o.s.s.concurrent.ThreadPoolTaskExecutor  : Initializing ExecutorService 'applicationTaskExecutor'
2022-03-13 10:26:43.954  INFO 2404 --- [main] d.s.w.p.DocumentationPluginsBootstrapper : Context refreshed
2022-03-13 10:26:44.015  INFO 2404 --- [main] d.s.w.p.DocumentationPluginsBootstrapper : Found 1 custom documentation plugin(s)
2022-03-13 10:26:44.234  INFO 2404 --- [main] s.d.s.w.s.ApiListingReferenceScanner     : Scanning for api listing references
2022-03-13 10:26:45.087  INFO 2404 --- [main] o.s.b.w.embedded.tomcat.TomcatWebServer  : Tomcat started on port(s): 8086 (http) with context path ''
2022-03-13 10:26:45.092  INFO 2404 --- [main] com.api.sportyShoes.SportyShoes          : Started SportyShoes in 17.296 seconds (JVM running for 18.44)
2022-03-13 10:26:55.687  INFO 2404 --- [http-nio-8086-exec-2] o.a.c.c.C.[Tomcat].[localhost].[/]       : Initializing Spring DispatcherServlet 'dispatcherServlet'
2022-03-13 10:26:55.688  INFO 2404 --- [http-nio-8086-exec-2] o.s.web.servlet.DispatcherServlet        : Initializing Servlet 'dispatcherServlet'
2022-03-13 10:26:55.717  INFO 2404 --- [http-nio-8086-exec-2] o.s.web.servlet.DispatcherServlet        : Completed initialization in 27 ms
2022-03-13 10:27:41.170  WARN 2404 --- [http-nio-8086-exec-4] .w.s.m.s.DefaultHandlerExceptionResolver : Resolved [org.springframework.web.HttpRequestMethodNotSupportedException: Request method 'GET' not supported]
2022-03-13 10:44:33.159  INFO 4668 --- [main] com.api.sportyShoes.SportyShoes          : Starting SportyShoes on LAPTOP-5TFVLITU with PID 4668 (C:\Users\Aditya\sporty_shoes-master\target\classes started by Aditya in C:\Users\Aditya\sporty_shoes-master)
2022-03-13 10:44:33.159  INFO 4668 --- [main] com.api.sportyShoes.SportyShoes          : No active profile set, falling back to default profiles: default
2022-03-13 10:44:35.206  INFO 4668 --- [main] .s.d.r.c.RepositoryConfigurationDelegate : Bootstrapping Spring Data JPA repositories in DEFAULT mode.
2022-03-13 10:44:35.363  INFO 4668 --- [main] .s.d.r.c.RepositoryConfigurationDelegate : Finished Spring Data repository scanning in 136ms. Found 2 JPA repository interfaces.
2022-03-13 10:44:36.800  INFO 4668 --- [main] o.s.b.w.embedded.tomcat.TomcatWebServer  : Tomcat initialized with port(s): 8086 (http)
2022-03-13 10:44:36.833  INFO 4668 --- [main] o.apache.catalina.core.StandardService   : Starting service [Tomcat]
2022-03-13 10:44:36.833  INFO 4668 --- [main] org.apache.catalina.core.StandardEngine  : Starting Servlet engine: [Apache Tomcat/9.0.38]
2022-03-13 10:44:37.020  INFO 4668 --- [main] o.a.c.c.C.[Tomcat].[localhost].[/]       : Initializing Spring embedded WebApplicationContext
2022-03-13 10:44:37.020  INFO 4668 --- [main] w.s.c.ServletWebServerApplicationContext : Root WebApplicationContext: initialization completed in 3720 ms
2022-03-13 10:44:37.114  INFO 4668 --- [main] com.zaxxer.hikari.HikariDataSource       : HikariPool-1 - Starting...
2022-03-13 10:44:37.614  INFO 4668 --- [main] com.zaxxer.hikari.HikariDataSource       : HikariPool-1 - Start completed.
2022-03-13 10:44:37.629  INFO 4668 --- [main] o.s.b.a.h2.H2ConsoleAutoConfiguration    : H2 console available at '/h2'. Database available at 'jdbc:h2:mem:testdb'
2022-03-13 10:44:37.989  INFO 4668 --- [main] o.hibernate.jpa.internal.util.LogHelper  : HHH000204: Processing PersistenceUnitInfo [name: default]
2022-03-13 10:44:38.090  INFO 4668 --- [main] org.hibernate.Version                    : HHH000412: Hibernate ORM core version 5.4.21.Final
2022-03-13 10:44:38.418  INFO 4668 --- [main] o.hibernate.annotations.common.Version   : HCANN000001: Hibernate Commons Annotations {5.1.0.Final}
2022-03-13 10:44:38.699  INFO 4668 --- [main] org.hibernate.dialect.Dialect            : HHH000400: Using dialect: org.hibernate.dialect.H2Dialect
2022-03-13 10:44:39.861  INFO 4668 --- [main] o.h.e.t.j.p.i.JtaPlatformInitiator       : HHH000490: Using JtaPlatform implementation: [org.hibernate.engine.transaction.jta.platform.internal.NoJtaPlatform]
2022-03-13 10:44:39.876  INFO 4668 --- [main] j.LocalContainerEntityManagerFactoryBean : Initialized JPA EntityManagerFactory for persistence unit 'default'
2022-03-13 10:44:40.017  WARN 4668 --- [main] JpaBaseConfiguration$JpaWebConfiguration : spring.jpa.open-in-view is enabled by default. Therefore, database queries may be performed during view rendering. Explicitly configure spring.jpa.open-in-view to disable this warning
2022-03-13 10:44:42.055  INFO 4668 --- [main] o.s.s.web.DefaultSecurityFilterChain     : Creating filter chain: any request, [org.springframework.security.web.context.request.async.WebAsyncManagerIntegrationFilter@4a7db5a, org.springframework.security.web.context.SecurityContextPersistenceFilter@59a5bb61, org.springframework.security.web.header.HeaderWriterFilter@7a30e30b, org.springframework.security.web.authentication.logout.LogoutFilter@335b3d6, org.springframework.security.web.authentication.www.BasicAuthenticationFilter@4e951fb1, org.springframework.security.web.savedrequest.RequestCacheAwareFilter@749f61a3, org.springframework.security.web.servletapi.SecurityContextHolderAwareRequestFilter@6ceb11f9, org.springframework.security.web.authentication.AnonymousAuthenticationFilter@56b66a26, org.springframework.security.web.session.SessionManagementFilter@5a583720, org.springframework.security.web.access.ExceptionTranslationFilter@45eacb70, org.springframework.security.web.access.intercept.FilterSecurityInterceptor@fd14789]
2022-03-13 10:44:42.116  INFO 4668 --- [main] pertySourcedRequestMappingHandlerMapping : Mapped URL path [/v2/api-docs] onto method [springfox.documentation.swagger2.web.Swagger2Controller#getDocumentation(String, HttpServletRequest)]
2022-03-13 10:44:42.351  INFO 4668 --- [main] o.s.s.concurrent.ThreadPoolTaskExecutor  : Initializing ExecutorService 'applicationTaskExecutor'
2022-03-13 10:44:42.616  INFO 4668 --- [main] d.s.w.p.DocumentationPluginsBootstrapper : Context refreshed
2022-03-13 10:44:42.648  INFO 4668 --- [main] d.s.w.p.DocumentationPluginsBootstrapper : Found 1 custom documentation plugin(s)
2022-03-13 10:44:42.757  INFO 4668 --- [main] s.d.s.w.s.ApiListingReferenceScanner     : Scanning for api listing references
2022-03-13 10:44:43.163  INFO 4668 --- [main] o.s.b.w.embedded.tomcat.TomcatWebServer  : Tomcat started on port(s): 8086 (http) with context path ''
2022-03-13 10:44:43.167  INFO 4668 --- [main] com.api.sportyShoes.SportyShoes          : Started SportyShoes in 10.761 seconds (JVM running for 11.651)
2022-03-13 10:45:11.077  INFO 4668 --- [http-nio-8086-exec-1] o.a.c.c.C.[Tomcat].[localhost].[/]       : Initializing Spring DispatcherServlet 'dispatcherServlet'
2022-03-13 10:45:11.078  INFO 4668 --- [http-nio-8086-exec-1] o.s.web.servlet.DispatcherServlet        : Initializing Servlet 'dispatcherServlet'
2022-03-13 10:45:11.095  INFO 4668 --- [http-nio-8086-exec-1] o.s.web.servlet.DispatcherServlet        : Completed initialization in 17 ms
2022-03-13 10:47:24.093  WARN 4668 --- [http-nio-8086-exec-10] .w.s.m.s.DefaultHandlerExceptionResolver : Resolved [org.springframework.http.converter.HttpMessageNotReadableException: JSON parse error: Cannot construct instance of `com.api.sportyShoes.model.Shoe` (although at least one Creator exists): no String-argument constructor/factory method to deserialize from String value ('category'); nested exception is com.fasterxml.jackson.databind.exc.MismatchedInputException: Cannot construct instance of `com.api.sportyShoes.model.Shoe` (although at least one Creator exists): no String-argument constructor/factory method to deserialize from String value ('category')
 at [Source: (PushbackInputStream); line: 1, column: 2]]
2022-03-13 10:48:15.893  WARN 4668 --- [http-nio-8086-exec-5] .w.s.m.s.DefaultHandlerExceptionResolver : Resolved [org.springframework.http.converter.HttpMessageNotReadableException: JSON parse error: Cannot construct instance of `com.api.sportyShoes.model.Shoe` (although at least one Creator exists): no String-argument constructor/factory method to deserialize from String value ('category'); nested exception is com.fasterxml.jackson.databind.exc.MismatchedInputException: Cannot construct instance of `com.api.sportyShoes.model.Shoe` (although at least one Creator exists): no String-argument constructor/factory method to deserialize from String value ('category')
 at [Source: (PushbackInputStream); line: 1, column: 2]]
2022-03-13 10:48:32.045  WARN 4668 --- [http-nio-8086-exec-1] .w.s.m.s.DefaultHandlerExceptionResolver : Resolved [org.springframework.http.converter.HttpMessageNotReadableException: JSON parse error: Cannot construct instance of `com.api.sportyShoes.model.Shoe` (although at least one Creator exists): no String-argument constructor/factory method to deserialize from String value ('category'); nested exception is com.fasterxml.jackson.databind.exc.MismatchedInputException: Cannot construct instance of `com.api.sportyShoes.model.Shoe` (although at least one Creator exists): no String-argument constructor/factory method to deserialize from String value ('category')
 at [Source: (PushbackInputStream); line: 1, column: 2]]
2022-03-13 21:10:30.504  INFO 7464 --- [main] com.api.sportyShoes.SportyShoes          : Starting SportyShoes on LAPTOP-5TFVLITU with PID 7464 (C:\Users\Aditya\sporty_shoes-master\target\classes started by Aditya in C:\Users\Aditya\sporty_shoes-master)
2022-03-13 21:10:30.529  INFO 7464 --- [main] com.api.sportyShoes.SportyShoes          : No active profile set, falling back to default profiles: default
2022-03-13 21:10:32.864  INFO 7464 --- [main] .s.d.r.c.RepositoryConfigurationDelegate : Bootstrapping Spring Data JPA repositories in DEFAULT mode.
2022-03-13 21:10:33.034  INFO 7464 --- [main] .s.d.r.c.RepositoryConfigurationDelegate : Finished Spring Data repository scanning in 151ms. Found 2 JPA repository interfaces.
2022-03-13 21:10:34.788  INFO 7464 --- [main] o.s.b.w.embedded.tomcat.TomcatWebServer  : Tomcat initialized with port(s): 8086 (http)
2022-03-13 21:10:34.804  INFO 7464 --- [main] o.apache.catalina.core.StandardService   : Starting service [Tomcat]
2022-03-13 21:10:34.804  INFO 7464 --- [main] org.apache.catalina.core.StandardEngine  : Starting Servlet engine: [Apache Tomcat/9.0.38]
2022-03-13 21:10:34.995  INFO 7464 --- [main] o.a.c.c.C.[Tomcat].[localhost].[/]       : Initializing Spring embedded WebApplicationContext
2022-03-13 21:10:34.995  INFO 7464 --- [main] w.s.c.ServletWebServerApplicationContext : Root WebApplicationContext: initialization completed in 4296 ms
2022-03-13 21:10:35.104  INFO 7464 --- [main] com.zaxxer.hikari.HikariDataSource       : HikariPool-1 - Starting...
2022-03-13 21:10:35.614  INFO 7464 --- [main] com.zaxxer.hikari.HikariDataSource       : HikariPool-1 - Start completed.
2022-03-13 21:10:35.634  INFO 7464 --- [main] o.s.b.a.h2.H2ConsoleAutoConfiguration    : H2 console available at '/h2'. Database available at 'jdbc:h2:mem:testdb'
2022-03-13 21:10:36.012  INFO 7464 --- [main] o.hibernate.jpa.internal.util.LogHelper  : HHH000204: Processing PersistenceUnitInfo [name: default]
2022-03-13 21:10:36.132  INFO 7464 --- [main] org.hibernate.Version                    : HHH000412: Hibernate ORM core version 5.4.21.Final
2022-03-13 21:10:36.409  INFO 7464 --- [main] o.hibernate.annotations.common.Version   : HCANN000001: Hibernate Commons Annotations {5.1.0.Final}
2022-03-13 21:10:36.659  INFO 7464 --- [main] org.hibernate.dialect.Dialect            : HHH000400: Using dialect: org.hibernate.dialect.H2Dialect
2022-03-13 21:10:37.864  INFO 7464 --- [main] o.h.e.t.j.p.i.JtaPlatformInitiator       : HHH000490: Using JtaPlatform implementation: [org.hibernate.engine.transaction.jta.platform.internal.NoJtaPlatform]
2022-03-13 21:10:37.879  INFO 7464 --- [main] j.LocalContainerEntityManagerFactoryBean : Initialized JPA EntityManagerFactory for persistence unit 'default'
2022-03-13 21:10:37.984  WARN 7464 --- [main] JpaBaseConfiguration$JpaWebConfiguration : spring.jpa.open-in-view is enabled by default. Therefore, database queries may be performed during view rendering. Explicitly configure spring.jpa.open-in-view to disable this warning
2022-03-13 21:10:40.424  INFO 7464 --- [main] o.s.s.web.DefaultSecurityFilterChain     : Creating filter chain: any request, [org.springframework.security.web.context.request.async.WebAsyncManagerIntegrationFilter@4e951fb1, org.springframework.security.web.context.SecurityContextPersistenceFilter@f591271, org.springframework.security.web.header.HeaderWriterFilter@6b3b2c34, org.springframework.security.web.authentication.logout.LogoutFilter@29f8134, org.springframework.security.web.authentication.www.BasicAuthenticationFilter@7bbd76b8, org.springframework.security.web.savedrequest.RequestCacheAwareFilter@b339a08, org.springframework.security.web.servletapi.SecurityContextHolderAwareRequestFilter@36d7a68a, org.springframework.security.web.authentication.AnonymousAuthenticationFilter@1b317e7d, org.springframework.security.web.session.SessionManagementFilter@e6e5da4, org.springframework.security.web.access.ExceptionTranslationFilter@72f35a31, org.springframework.security.web.access.intercept.FilterSecurityInterceptor@4119346d]
2022-03-13 21:10:40.484  INFO 7464 --- [main] pertySourcedRequestMappingHandlerMapping : Mapped URL path [/v2/api-docs] onto method [springfox.documentation.swagger2.web.Swagger2Controller#getDocumentation(String, HttpServletRequest)]
2022-03-13 21:10:40.734  INFO 7464 --- [main] o.s.s.concurrent.ThreadPoolTaskExecutor  : Initializing ExecutorService 'applicationTaskExecutor'
2022-03-13 21:10:41.028  INFO 7464 --- [main] d.s.w.p.DocumentationPluginsBootstrapper : Context refreshed
2022-03-13 21:10:41.069  INFO 7464 --- [main] d.s.w.p.DocumentationPluginsBootstrapper : Found 1 custom documentation plugin(s)
2022-03-13 21:10:41.198  INFO 7464 --- [main] s.d.s.w.s.ApiListingReferenceScanner     : Scanning for api listing references
2022-03-13 21:10:41.649  INFO 7464 --- [main] o.s.b.w.embedded.tomcat.TomcatWebServer  : Tomcat started on port(s): 8086 (http) with context path ''
2022-03-13 21:10:41.649  INFO 7464 --- [main] com.api.sportyShoes.SportyShoes          : Started SportyShoes in 11.97 seconds (JVM running for 24.353)
